15:42:26| finished reading file
15:42:27| Padmé Amidala
15:42:27| Wicket Systri Warrick
15:42:27| Wedge Antilles
15:42:27| Ki-Adi-Mundi
15:42:28| Leia Organa
15:42:28| Shaak Ti
15:42:28| Grievous
15:42:28| R5-D4
15:42:29| Kit Fisto
15:42:29| R2-D2
15:42:29| Sly Moore
15:42:29| Poggle the Lesser
15:42:30| Ayla Secura
15:42:30| Adi Gallia
15:42:30| Mace Windu
15:42:30| Saesee Tiin
15:42:31| Tarfful
15:42:31| R4-P17
15:42:31| Eeth Koth
15:42:31| Darth Vader
15:42:32| Palpatine
15:42:32| Wat Tambor
15:42:32| Luke Skywalker
15:42:32| Tion Medon
15:42:33| Wilhuff Tarkin
15:42:33| Dooku
15:42:33| Luminara Unduli
15:42:33| Chewbacca
15:42:34| Raymus Antilles
15:42:34| Beru Whitesun lars
15:42:34| Yoda
15:42:34| Owen Lars
15:42:35| C-3PO
15:42:35| Anakin Skywalker
15:42:35| Nute Gunray
15:42:35| Plo Koon
15:42:36| Bail Prestor Organa
15:42:36| Obi-Wan Kenobi
