16:06:51| finished reading file
16:06:52| Wicket Systri Warrick
16:06:52| Padmé Amidala
16:06:53| Ki-Adi-Mundi
16:06:53| Wedge Antilles
16:06:54| Leia Organa
16:06:54| Shaak Ti
16:06:55| R5-D4
16:06:55| Grievous
16:06:56| Kit Fisto
16:06:56| R2-D2
16:06:57| Sly Moore
16:06:57| Poggle the Lesser
16:06:58| Ayla Secura
16:06:58| Adi Gallia
16:06:59| Mace Windu
16:06:59| Saesee Tiin
16:07:00| Tarfful
16:07:00| R4-P17
16:07:01| Eeth Koth
16:07:01| Darth Vader
16:07:02| Palpatine
16:07:02| Wat Tambor
16:07:03| Luke Skywalker
16:07:03| Tion Medon
16:07:04| Wilhuff Tarkin
16:07:04| Dooku
16:07:05| Luminara Unduli
16:07:05| Chewbacca
16:07:06| Raymus Antilles
16:07:06| Beru Whitesun lars
16:07:07| Yoda
16:07:07| Owen Lars
16:07:08| C-3PO
16:07:08| Anakin Skywalker
16:07:09| Nute Gunray
16:07:09| Plo Koon
16:07:10| Bail Prestor Organa
16:07:10| Obi-Wan Kenobi
