15:43:43| finished reading file
15:43:44| Padmé Amidala
15:43:44| Ki-Adi-Mundi
15:43:44| Wicket Systri Warrick
15:43:45| Wedge Antilles
15:43:45| Shaak Ti
15:43:45| Leia Organa
15:43:46| R5-D4
15:43:46| Grievous
15:43:46| Kit Fisto
15:43:48| Poggle the Lesser
15:43:48| R2-D2
15:43:48| Sly Moore
15:43:49| Adi Gallia
15:43:49| Mace Windu
15:43:49| Ayla Secura
15:43:50| Saesee Tiin
15:43:50| R4-P17
15:43:50| Tarfful
15:43:51| Eeth Koth
15:43:51| Palpatine
15:43:51| Darth Vader
15:43:52| Wat Tambor
15:43:52| Luke Skywalker
15:43:52| Tion Medon
15:43:53| Wilhuff Tarkin
15:43:53| Dooku
15:43:53| Luminara Unduli
15:43:54| Chewbacca
15:43:54| Raymus Antilles
15:43:54| Beru Whitesun lars
15:43:55| Yoda
15:43:55| Owen Lars
15:43:55| C-3PO
15:43:56| Anakin Skywalker
15:43:56| Nute Gunray
15:43:56| Plo Koon
15:43:57| Bail Prestor Organa
15:43:57| Obi-Wan Kenobi
15:43:57| Time to process all URLS = 13.31841080
