16:05:23| finished reading file
16:05:24| Ki-Adi-Mundi
16:05:24| Padmé Amidala
16:05:24| Wedge Antilles
16:05:24| Wicket Systri Warrick
16:05:25| Shaak Ti
16:05:25| Leia Organa
16:05:25| R5-D4
16:05:25| Grievous
16:05:26| Kit Fisto
16:05:26| R2-D2
16:05:26| Sly Moore
16:05:26| Poggle the Lesser
16:05:27| Ayla Secura
16:05:27| Adi Gallia
16:05:27| Mace Windu
16:05:27| Saesee Tiin
16:05:28| Tarfful
16:05:28| R4-P17
16:05:28| Eeth Koth
16:05:28| Darth Vader
16:05:29| Palpatine
16:05:29| Wat Tambor
16:05:29| Luke Skywalker
16:05:29| Tion Medon
16:05:30| Wilhuff Tarkin
16:05:30| Dooku
16:05:30| Luminara Unduli
16:05:30| Chewbacca
16:05:31| Raymus Antilles
16:05:31| Beru Whitesun lars
16:05:31| Yoda
16:05:31| Owen Lars
16:05:32| C-3PO
16:05:32| Anakin Skywalker
16:05:32| Nute Gunray
16:05:32| Plo Koon
16:05:33| Bail Prestor Organa
16:05:33| Obi-Wan Kenobi
16:05:33| Time to process all URLS = 10.25016430
