15:55:42| finished reading file
15:55:43| Wedge Antilles
15:55:43| Ki-Adi-Mundi
15:55:43| Wicket Systri Warrick
15:55:43| Padmé Amidala
15:55:44| Shaak Ti
15:55:44| Leia Organa
15:55:44| Grievous
15:55:44| R5-D4
15:55:45| R2-D2
15:55:45| Poggle the Lesser
15:55:45| Kit Fisto
15:55:45| Sly Moore
15:55:46| Ayla Secura
15:55:46| Mace Windu
15:55:46| Saesee Tiin
15:55:46| Adi Gallia
15:55:47| Tarfful
15:55:47| Darth Vader
15:55:47| R4-P17
15:55:47| Eeth Koth
15:55:48| Palpatine
15:55:48| Wat Tambor
15:55:48| Tion Medon
15:55:48| Luke Skywalker
15:55:49| Wilhuff Tarkin
15:55:49| Dooku
15:55:49| Chewbacca
15:55:49| Luminara Unduli
15:55:50| Raymus Antilles
15:55:50| Beru Whitesun lars
15:55:50| Yoda
15:55:50| Owen Lars
15:55:51| C-3PO
15:55:51| Anakin Skywalker
15:55:51| Nute Gunray
15:55:51| Plo Koon
15:55:52| Bail Prestor Organa
15:55:52| Obi-Wan Kenobi
15:55:52| Time to process all URLS = 10.27283390
