17:19:31| finished reading file
17:19:32| Wedge Antilles
17:19:32| Wicket Systri Warrick
17:19:32| Padmé Amidala
17:19:32| Ki-Adi-Mundi
17:19:33| Shaak Ti
17:19:33| Leia Organa
17:19:33| Grievous
17:19:33| R5-D4
17:19:34| Kit Fisto
17:19:34| R2-D2
17:19:34| Sly Moore
17:19:34| Poggle the Lesser
17:19:35| Ayla Secura
17:19:35| Adi Gallia
17:19:35| Saesee Tiin
17:19:35| Mace Windu
17:19:36| Tarfful
17:19:36| R4-P17
17:19:36| Eeth Koth
17:19:36| Darth Vader
17:19:37| Palpatine
17:19:37| Wat Tambor
17:19:37| Luke Skywalker
17:19:37| Tion Medon
17:19:38| Wilhuff Tarkin
17:19:38| Dooku
17:19:38| Luminara Unduli
17:19:38| Chewbacca
17:19:39| Raymus Antilles
17:19:39| Yoda
17:19:39| Owen Lars
17:19:39| Beru Whitesun lars
17:19:40| C-3PO
17:19:40| Anakin Skywalker
17:19:40| Plo Koon
17:19:40| Nute Gunray
17:19:41| Bail Prestor Organa
17:19:41| Obi-Wan Kenobi
17:19:41| Time to process all URLS = 11.13527920
