16:02:40| finished reading file
16:02:41| Padmé Amidala
16:02:41| Ki-Adi-Mundi
16:02:41| Wicket Systri Warrick
16:02:41| Wedge Antilles
16:02:42| Shaak Ti
16:02:42| Leia Organa
16:02:42| R5-D4
16:02:42| Grievous
16:02:43| Kit Fisto
16:02:43| R2-D2
16:02:43| Sly Moore
16:02:43| Poggle the Lesser
16:02:44| Ayla Secura
16:02:44| Adi Gallia
16:02:44| Mace Windu
16:02:44| Saesee Tiin
16:02:45| Tarfful
16:02:45| R4-P17
16:02:45| Eeth Koth
16:02:45| Darth Vader
16:02:46| Palpatine
16:02:46| Wat Tambor
16:02:46| Luke Skywalker
16:02:46| Tion Medon
16:02:47| Wilhuff Tarkin
16:02:47| Dooku
16:02:47| Luminara Unduli
16:02:47| Chewbacca
16:02:48| Raymus Antilles
16:02:48| Beru Whitesun lars
16:02:48| Owen Lars
16:02:48| Yoda
16:02:49| C-3PO
16:02:49| Anakin Skywalker
16:02:49| Plo Koon
16:02:49| Nute Gunray
16:02:50| Bail Prestor Organa
16:02:50| Obi-Wan Kenobi
16:02:50| Time to process all URLS = 10.23270690
