16:58:31| finished reading file
16:58:32| Wedge Antilles
16:58:32| Wicket Systri Warrick
16:58:32| Padmé Amidala
16:58:32| Ki-Adi-Mundi
16:58:33| Grievous
16:58:33| Leia Organa
16:58:33| R5-D4
16:58:33| Shaak Ti
16:58:34| Kit Fisto
16:58:34| R2-D2
16:58:34| Sly Moore
16:58:34| Poggle the Lesser
16:58:35| Ayla Secura
16:58:35| Adi Gallia
16:58:35| Mace Windu
16:58:35| Saesee Tiin
16:58:36| Tarfful
16:58:36| R4-P17
16:58:36| Eeth Koth
16:58:36| Darth Vader
16:58:37| Palpatine
16:58:37| Wat Tambor
16:58:37| Tion Medon
16:58:37| Luke Skywalker
16:58:38| Wilhuff Tarkin
16:58:38| Dooku
16:58:38| Chewbacca
16:58:38| Luminara Unduli
16:58:39| Raymus Antilles
16:58:39| Beru Whitesun lars
16:58:39| Owen Lars
16:58:39| Yoda
16:58:40| C-3PO
16:58:40| Nute Gunray
16:58:40| Anakin Skywalker
16:58:40| Plo Koon
16:58:41| Bail Prestor Organa
16:58:41| Obi-Wan Kenobi
