17:07:22| finished reading file
17:07:23| Padmé Amidala
17:07:23| Ki-Adi-Mundi
17:07:23| Wedge Antilles
17:07:23| Wicket Systri Warrick
17:07:24| Shaak Ti
17:07:24| Leia Organa
17:07:24| R5-D4
17:07:24| Grievous
17:07:25| Kit Fisto
17:07:25| Sly Moore
17:07:25| R2-D2
17:07:25| Poggle the Lesser
17:07:26| Ayla Secura
17:07:26| Adi Gallia
17:07:26| Saesee Tiin
17:07:26| Mace Windu
17:07:27| Tarfful
17:07:27| R4-P17
17:07:27| Eeth Koth
17:07:27| Darth Vader
17:07:28| Palpatine
17:07:28| Wat Tambor
17:07:28| Tion Medon
17:07:28| Luke Skywalker
17:07:29| Wilhuff Tarkin
17:07:29| Dooku
17:07:29| Luminara Unduli
17:07:29| Chewbacca
17:07:30| Raymus Antilles
17:07:30| Beru Whitesun lars
17:07:30| Owen Lars
17:07:30| Yoda
17:07:31| C-3PO
17:07:31| Anakin Skywalker
17:07:31| Nute Gunray
17:07:31| Plo Koon
17:07:32| Bail Prestor Organa
17:07:32| Obi-Wan Kenobi
17:07:32| Time to process all URLS = 10.16041970
