17:12:08| finished reading file
17:12:09| Wicket Systri Warrick
17:12:09| Ki-Adi-Mundi
17:12:09| Padmé Amidala
17:12:09| Wedge Antilles
17:12:10| Shaak Ti
17:12:10| Leia Organa
17:12:10| Grievous
17:12:10| R5-D4
17:12:11| Kit Fisto
17:12:11| R2-D2
17:12:11| Poggle the Lesser
17:12:11| Sly Moore
17:12:12| Ayla Secura
17:12:12| Adi Gallia
17:12:12| Mace Windu
17:12:12| Saesee Tiin
17:12:13| Tarfful
17:12:13| R4-P17
17:12:13| Eeth Koth
17:12:13| Darth Vader
17:12:14| Palpatine
17:12:14| Wat Tambor
17:12:14| Luke Skywalker
17:12:14| Tion Medon
17:12:15| Wilhuff Tarkin
17:12:15| Dooku
17:12:15| Chewbacca
17:12:15| Luminara Unduli
17:12:16| Raymus Antilles
17:12:16| Beru Whitesun lars
17:12:16| Owen Lars
17:12:16| Yoda
17:12:17| C-3PO
17:12:17| Anakin Skywalker
17:12:17| Plo Koon
17:12:17| Nute Gunray
17:12:18| Bail Prestor Organa
17:12:18| Obi-Wan Kenobi
