17:08:59| finished reading file
17:09:01| Wicket Systri Warrick
17:09:01| Wedge Antilles
17:09:01| Padmé Amidala
17:09:01| Ki-Adi-Mundi
17:09:02| Shaak Ti
17:09:02| Leia Organa
17:09:02| R5-D4
17:09:02| Grievous
17:09:03| Kit Fisto
17:09:03| R2-D2
17:09:03| Sly Moore
17:09:03| Poggle the Lesser
17:09:04| Ayla Secura
17:09:04| Adi Gallia
17:09:04| Mace Windu
17:09:04| Saesee Tiin
17:09:05| Tarfful
17:09:05| R4-P17
17:09:05| Eeth Koth
17:09:05| Darth Vader
17:09:06| Palpatine
17:09:06| Wat Tambor
17:09:06| Tion Medon
17:09:06| Luke Skywalker
17:09:07| Wilhuff Tarkin
17:09:07| Dooku
17:09:07| Chewbacca
17:09:07| Luminara Unduli
17:09:08| Raymus Antilles
17:09:08| Beru Whitesun lars
17:09:08| Owen Lars
17:09:08| Yoda
17:09:09| C-3PO
17:09:09| Nute Gunray
17:09:09| Anakin Skywalker
17:09:09| Plo Koon
17:09:10| Bail Prestor Organa
17:09:10| Obi-Wan Kenobi
