14:00:10| ****************************************
14:00:10| Part 1
14:00:10| 
14:00:10| File: verysmall.bmp
14:00:10| Number of drawing commands for = 86
14:00:16| Found path has length          = 11
14:00:16| 
14:00:16| File: verysmall-loops.bmp
14:00:16| Number of drawing commands for = 310
14:00:25| Found path has length          = 55
14:00:25| 
14:00:25| File: small.bmp
14:00:25| Number of drawing commands for = 2454
14:00:28| Found path has length          = 79
14:00:28| 
14:00:28| File: small-loops.bmp
14:00:28| Number of drawing commands for = 1894
14:00:30| Found path has length          = 119
14:00:30| 
14:00:30| File: small-odd.bmp
14:00:30| Number of drawing commands for = 2550
14:00:31| Found path has length          = 87
14:00:31| 
14:00:31| File: small-open.bmp
14:00:31| Number of drawing commands for = 2484
14:00:33| Found path has length          = 335
14:00:33| 
14:00:33| File: large.bmp
14:00:33| Number of drawing commands for = 22226
14:00:36| Found path has length          = 1299
14:00:36| 
14:00:36| File: large-loops.bmp
14:00:37| Number of drawing commands for = 25232
14:00:39| Found path has length          = 1007
14:00:39| ****************************************
