16:15:55| ****************************************
16:15:55| Part 1
16:15:55| 
16:15:55| File: verysmall.bmp
16:15:55| Number of drawing commands for = 104
16:16:00| Found path has length          = 11
16:16:00| 
16:16:00| File: verysmall-loops.bmp
16:16:00| Number of drawing commands for = 344
16:16:11| Found path has length          = 39
16:16:11| 
16:16:11| File: small.bmp
16:16:11| Number of drawing commands for = 1304
16:16:16| Found path has length          = 79
16:16:16| 
16:16:16| File: small-loops.bmp
16:16:16| Number of drawing commands for = 2318
16:16:19| Found path has length          = 191
16:16:19| 
16:16:19| File: small-odd.bmp
16:16:19| Number of drawing commands for = 1950
16:16:23| Found path has length          = 89
16:16:23| 
16:16:23| File: small-open.bmp
16:16:23| Number of drawing commands for = 3162
16:16:25| Found path has length          = 427
16:16:25| 
16:16:25| File: large.bmp
16:16:25| Number of drawing commands for = 24232
16:16:27| Found path has length          = 1299
16:16:27| 
16:16:27| File: large-loops.bmp
16:16:28| Number of drawing commands for = 40312
16:16:34| Found path has length          = 907
16:16:34| ****************************************
