12:57:13| ****************************************
12:57:13| Part 1
12:57:13| 
12:57:13| File: verysmall.bmp
12:57:13| Number of drawing commands for = 86
12:57:20| Found path has length          = 11
12:57:20| 
12:57:20| File: verysmall-loops.bmp
12:57:20| Number of drawing commands for = 398
12:57:35| Found path has length          = 39
12:57:35| 
12:57:35| File: small.bmp
12:57:35| Number of drawing commands for = 1338
12:57:37| Found path has length          = 79
12:57:37| 
12:57:37| File: small-loops.bmp
12:57:37| Number of drawing commands for = 2346
12:57:41| Found path has length          = 155
12:57:41| 
12:57:41| File: small-odd.bmp
12:57:41| Number of drawing commands for = 1826
12:57:43| Found path has length          = 83
12:57:43| 
12:57:43| File: small-open.bmp
12:57:43| Number of drawing commands for = 2618
12:57:48| Found path has length          = 425
12:57:48| 
12:57:48| File: large.bmp
12:57:48| Number of drawing commands for = 37518
12:57:54| Found path has length          = 1299
12:57:54| 
12:57:54| File: large-loops.bmp
12:57:54| Number of drawing commands for = 31206
12:58:02| Found path has length          = 1439
12:58:02| ****************************************
