15:55:38| ****************************************
15:55:38| Part 1
15:55:38| 
15:55:38| File: verysmall.bmp
15:55:38| Number of drawing commands for = 106
15:55:43| Found path has length          = 11
15:55:43| 
15:55:43| File: verysmall-loops.bmp
15:55:43| Number of drawing commands for = 318
15:55:45| Found path has length          = 35
15:55:45| 
15:55:45| File: small.bmp
15:55:45| Number of drawing commands for = 1386
15:55:45| Found path has length          = 79
15:55:45| 
15:55:45| File: small-loops.bmp
15:55:46| Number of drawing commands for = 2290
15:55:46| Found path has length          = 171
15:55:46| 
15:55:46| File: small-odd.bmp
15:55:46| Number of drawing commands for = 3140
15:55:46| Found path has length          = 79
15:55:46| 
15:55:46| File: small-open.bmp
15:55:46| Number of drawing commands for = 2862
15:55:46| Found path has length          = 343
15:55:46| 
15:55:46| File: large.bmp
15:55:47| Number of drawing commands for = 36578
15:55:47| Found path has length          = 1299
15:55:47| 
15:55:47| File: large-loops.bmp
15:55:47| Number of drawing commands for = 28014
15:55:47| Found path has length          = 1167
15:55:47| ****************************************
