13:03:51| ****************************************
13:03:51| Part 1
13:03:51| 
13:03:51| File: verysmall.bmp
13:03:51| Number of drawing commands for = 106
13:57:00| Found path has length          = 11
13:57:00| 
13:57:00| File: verysmall-loops.bmp
13:57:00| Number of drawing commands for = 246
13:57:04| Found path has length          = 39
13:57:04| 
13:57:04| File: small.bmp
13:57:04| Number of drawing commands for = 1730
13:57:04| Found path has length          = 79
13:57:04| 
13:57:04| File: small-loops.bmp
13:57:04| Number of drawing commands for = 1624
13:57:05| Found path has length          = 131
13:57:05| 
13:57:05| File: small-odd.bmp
13:57:05| Number of drawing commands for = 1380
13:57:05| Found path has length          = 89
13:57:05| 
13:57:05| File: small-open.bmp
13:57:05| Number of drawing commands for = 2718
13:57:05| Found path has length          = 439
13:57:05| 
13:57:05| File: large.bmp
13:57:05| Number of drawing commands for = 25346
13:57:05| Found path has length          = 1299
13:57:05| 
13:57:05| File: large-loops.bmp
13:57:06| Number of drawing commands for = 32002
13:57:06| Found path has length          = 1471
13:57:06| ****************************************
