15:57:39| ****************************************
15:57:39| Part 1
15:57:39| 
15:57:39| File: verysmall.bmp
15:57:39| Number of drawing commands for = 70
15:57:45| Found path has length          = 11
15:57:45| 
15:57:45| File: verysmall-loops.bmp
15:57:45| Number of drawing commands for = 294
15:57:59| Found path has length          = 55
15:57:59| 
15:57:59| File: small.bmp
15:57:59| Number of drawing commands for = 1766
15:58:19| Found path has length          = 79
15:58:19| 
15:58:19| File: small-loops.bmp
15:58:19| Number of drawing commands for = 1704
15:58:19| Found path has length          = 135
15:58:19| 
15:58:19| File: small-odd.bmp
15:58:19| Number of drawing commands for = 1544
15:58:20| Found path has length          = 83
15:58:20| 
15:58:20| File: small-open.bmp
15:58:20| Number of drawing commands for = 2066
15:58:20| Found path has length          = 295
15:58:20| 
15:58:20| File: large.bmp
15:58:21| Number of drawing commands for = 22224
15:58:21| Found path has length          = 1299
15:58:21| 
15:58:21| File: large-loops.bmp
15:58:21| Number of drawing commands for = 25978
15:58:22| Found path has length          = 1783
15:58:22| ****************************************
