15:30:09| ****************************************
15:30:09| Part 1
15:30:09| 
15:30:09| File: verysmall.bmp
15:30:09| Number of drawing commands for = 104
15:30:13| Found path has length          = 11
15:30:13| 
15:30:13| File: verysmall-loops.bmp
15:30:14| Number of drawing commands for = 292
15:30:22| Found path has length          = 55
15:30:22| 
15:30:22| File: small.bmp
15:30:22| Number of drawing commands for = 1904
15:30:26| Found path has length          = 79
15:30:26| 
15:30:26| File: small-loops.bmp
15:30:26| Number of drawing commands for = 2338
15:30:33| Found path has length          = 159
15:30:33| 
15:30:33| File: small-odd.bmp
15:30:33| Number of drawing commands for = 1626
15:30:48| Found path has length          = 85
15:30:48| 
15:30:48| File: small-open.bmp
15:30:48| Number of drawing commands for = 3008
15:30:49| Found path has length          = 369
15:30:49| 
15:30:49| File: large.bmp
15:30:49| Number of drawing commands for = 37624
15:30:51| Found path has length          = 1299
15:30:51| 
15:30:51| File: large-loops.bmp
15:30:51| Number of drawing commands for = 35508
15:30:54| Found path has length          = 1423
15:30:54| ****************************************
