20:42:32| ****************************************
20:42:32| Part 2
20:42:32| 
20:42:32| File: verysmall.bmp
20:42:32| Number of drawing commands = 52
20:42:32| Number of threads created  = 0
20:42:43| 
20:42:43| File: verysmall-loops.bmp
20:42:43| Number of drawing commands = 172
20:42:43| Number of threads created  = 0
20:42:44| 
20:42:44| File: small.bmp
20:42:44| Number of drawing commands = 1092
20:42:44| Number of threads created  = 0
20:42:45| 
20:42:45| File: small-loops.bmp
20:42:45| Number of drawing commands = 1092
20:42:45| Number of threads created  = 0
20:42:45| 
20:42:45| File: small-odd.bmp
20:42:45| Number of drawing commands = 1092
20:42:45| Number of threads created  = 0
20:42:45| 
20:42:45| File: small-open.bmp
20:42:45| Number of drawing commands = 1092
20:42:45| Number of threads created  = 0
20:42:46| 
20:42:46| File: large.bmp
20:42:46| Number of drawing commands = 16644
20:42:46| Number of threads created  = 0
20:42:46| 
20:42:46| File: large-loops.bmp
20:42:46| Number of drawing commands = 16644
20:42:46| Number of threads created  = 0
20:42:47| ****************************************
