20:21:06| ****************************************
20:21:06| Part 2
20:21:06| 
20:21:06| File: verysmall.bmp
20:21:06| Number of drawing commands = 80
20:21:06| Number of threads created  = 0
20:21:09| 
20:21:09| File: verysmall-loops.bmp
20:21:09| Number of drawing commands = 322
20:21:09| Number of threads created  = 0
20:21:19| 
20:21:19| File: small.bmp
20:21:19| Number of drawing commands = 1816
20:21:19| Number of threads created  = 0
20:21:26| 
20:21:26| File: small-loops.bmp
20:21:26| Number of drawing commands = 1672
20:21:26| Number of threads created  = 0
20:21:27| 
20:21:27| File: small-odd.bmp
20:21:28| Number of drawing commands = 1942
20:21:28| Number of threads created  = 0
20:21:28| 
20:21:28| File: small-open.bmp
20:21:29| Number of drawing commands = 2132
20:21:29| Number of threads created  = 0
20:21:30| 
20:21:30| File: large.bmp
20:21:30| Number of drawing commands = 29852
20:21:30| Number of threads created  = 0
20:21:33| 
20:21:33| File: large-loops.bmp
20:21:33| Number of drawing commands = 21312
20:21:33| Number of threads created  = 0
20:21:35| ****************************************
