17:05:17| ****************************************
17:05:17| Part 2
17:05:17| 
17:05:17| File: verysmall.bmp
17:05:17| Number of drawing commands = 88
17:05:17| Number of threads created  = 0
17:05:24| 
17:05:24| File: verysmall-loops.bmp
17:05:24| Number of drawing commands = 264
17:05:24| Number of threads created  = 0
17:05:30| 
17:05:30| File: small.bmp
17:05:30| Number of drawing commands = 1856
17:05:30| Number of threads created  = 0
17:05:32| 
17:05:32| File: small-loops.bmp
17:05:32| Number of drawing commands = 1508
17:05:32| Number of threads created  = 0
17:05:37| 
17:05:37| File: small-odd.bmp
17:05:38| Number of drawing commands = 1854
17:05:38| Number of threads created  = 0
17:05:41| 
17:05:41| File: small-open.bmp
17:05:41| Number of drawing commands = 1962
17:05:41| Number of threads created  = 0
17:05:43| 
17:05:43| File: large.bmp
17:05:43| Number of drawing commands = 21640
17:05:43| Number of threads created  = 0
17:05:45| 
17:05:45| File: large-loops.bmp
17:05:45| Number of drawing commands = 22908
17:05:45| Number of threads created  = 0
17:05:48| ****************************************
