20:38:05| ****************************************
20:38:05| Part 2
20:38:05| 
20:38:05| File: verysmall.bmp
20:38:05| Number of drawing commands = 88
20:38:05| Number of threads created  = 0
20:38:11| 
20:38:11| File: verysmall-loops.bmp
20:38:11| Number of drawing commands = 322
20:38:11| Number of threads created  = 0
20:38:23| 
20:38:23| File: small.bmp
20:38:23| Number of drawing commands = 2116
20:38:23| Number of threads created  = 0
20:39:02| 
20:39:02| File: small-loops.bmp
20:39:02| Number of drawing commands = 2152
20:39:02| Number of threads created  = 0
20:39:05| 
20:39:05| File: small-odd.bmp
