20:18:16| ****************************************
20:18:16| Part 2
20:18:16| 
20:18:16| File: verysmall.bmp
20:18:16| Number of drawing commands = 88
20:18:16| Number of threads created  = 0
20:18:19| 
20:18:19| File: verysmall-loops.bmp
20:18:19| Number of drawing commands = 322
20:18:19| Number of threads created  = 0
20:18:21| 
20:18:21| File: small.bmp
20:18:21| Number of drawing commands = 1836
20:18:21| Number of threads created  = 0
20:18:22| 
20:18:22| File: small-loops.bmp
20:18:23| Number of drawing commands = 1882
20:18:23| Number of threads created  = 0
20:18:24| 
20:18:24| File: small-odd.bmp
20:18:24| Number of drawing commands = 2106
20:18:24| Number of threads created  = 0
20:18:26| 
20:18:26| File: small-open.bmp
20:18:26| Number of drawing commands = 2178
20:18:26| Number of threads created  = 0
20:18:28| 
20:18:28| File: large.bmp
20:18:29| Number of drawing commands = 30676
20:18:29| Number of threads created  = 0
20:18:33| 
20:18:33| File: large-loops.bmp
20:18:33| Number of drawing commands = 21342
20:18:33| Number of threads created  = 0
20:18:35| ****************************************
