20:40:56| ****************************************
20:40:56| Part 2
20:40:56| 
20:40:56| File: verysmall.bmp
20:40:56| Number of drawing commands = 88
20:40:56| Number of threads created  = 0
20:41:00| 
20:41:00| File: verysmall-loops.bmp
20:41:00| Number of drawing commands = 322
20:41:00| Number of threads created  = 0
20:41:10| 
20:41:10| File: small.bmp
20:41:10| Number of drawing commands = 2172
20:41:10| Number of threads created  = 0
20:41:19| 
20:41:19| File: small-loops.bmp
20:41:19| Number of drawing commands = 2208
20:41:19| Number of threads created  = 0
20:41:21| 
20:41:21| File: small-odd.bmp
20:41:21| Number of drawing commands = 2336
20:41:21| Number of threads created  = 0
20:41:23| 
20:41:23| File: small-open.bmp
20:41:23| Number of drawing commands = 2594
20:41:23| Number of threads created  = 0
20:41:25| 
20:41:25| File: large.bmp
20:41:32| Number of drawing commands = 33342
20:41:32| Number of threads created  = 0
20:41:37| 
20:41:37| File: large-loops.bmp
