15:33:44| ****************************************
15:33:44| Part 1
15:33:44| 
15:33:44| File: verysmall.bmp
15:33:44| Number of drawing commands for = 88
15:33:48| Found path has length          = 11
15:33:48| 
15:33:48| File: verysmall-loops.bmp
15:33:48| Number of drawing commands for = 396
15:33:49| Found path has length          = 39
15:33:49| 
15:33:49| File: small.bmp
15:33:49| Number of drawing commands for = 1872
15:33:51| Found path has length          = 79
15:33:51| 
15:33:51| File: small-loops.bmp
15:33:51| Number of drawing commands for = 1882
15:33:52| Found path has length          = 219
15:33:53| 
15:33:53| File: small-odd.bmp
15:33:53| Number of drawing commands for = 2992
15:33:54| Found path has length          = 85
15:33:54| 
15:33:54| File: small-open.bmp
15:33:54| Number of drawing commands for = 2822
15:33:56| Found path has length          = 351
15:33:56| 
15:33:56| File: large.bmp
15:33:56| Number of drawing commands for = 38080
15:33:58| Found path has length          = 1299
15:33:58| 
15:33:58| File: large-loops.bmp
15:33:58| Number of drawing commands for = 45690
15:34:02| Found path has length          = 999
15:34:02| ****************************************
