21:20:53| ****************************************
21:20:53| Part 2
21:20:53| 
21:20:53| File: verysmall.bmp
21:20:53| Number of drawing commands = 86
21:20:53| Number of threads created  = 0
21:20:59| 
21:20:59| File: verysmall-loops.bmp
21:20:59| Number of drawing commands = 322
21:20:59| Number of threads created  = 0
21:21:10| 
21:21:10| File: small.bmp
21:21:10| Number of drawing commands = 1682
21:21:10| Number of threads created  = 0
21:21:15| 
21:21:15| File: small-loops.bmp
21:21:15| Number of drawing commands = 2008
21:21:15| Number of threads created  = 0
21:21:17| 
21:21:17| File: small-odd.bmp
21:21:17| Number of drawing commands = 2152
21:21:17| Number of threads created  = 0
21:21:18| 
21:21:18| File: small-open.bmp
21:21:18| Number of drawing commands = 2480
21:21:18| Number of threads created  = 0
21:21:19| 
21:21:19| File: large.bmp
