19:54:31| ****************************************
19:54:31| Part 2
19:54:31| 
19:54:31| File: verysmall.bmp
19:54:31| Number of drawing commands = 72
19:54:31| Number of threads created  = 0
19:54:35| 
19:54:35| File: verysmall-loops.bmp
19:54:35| Number of drawing commands = 240
19:54:35| Number of threads created  = 0
19:54:40| 
19:54:40| File: small.bmp
19:54:41| Number of drawing commands = 1860
19:54:41| Number of threads created  = 0
19:55:19| 
19:55:19| File: small-loops.bmp
19:55:20| Number of drawing commands = 1686
19:55:20| Number of threads created  = 0
19:55:23| 
19:55:23| File: small-odd.bmp
19:55:23| Number of drawing commands = 1334
19:55:23| Number of threads created  = 0
19:55:27| 
19:55:27| File: small-open.bmp
19:55:27| Number of drawing commands = 2160
19:55:27| Number of threads created  = 0
19:55:29| 
19:55:29| File: large.bmp
19:55:31| Number of drawing commands = 29800
19:55:31| Number of threads created  = 0
19:55:35| 
19:55:35| File: large-loops.bmp
