17:08:53| ****************************************
17:08:53| Part 2
17:08:53| 
17:08:53| File: verysmall.bmp
17:08:53| Number of drawing commands = 80
17:08:53| Number of threads created  = 0
17:08:57| 
17:08:57| File: verysmall-loops.bmp
17:08:57| Number of drawing commands = 280
17:08:57| Number of threads created  = 0
17:09:04| 
17:09:04| File: small.bmp
17:09:04| Number of drawing commands = 1808
17:09:04| Number of threads created  = 0
17:09:07| 
17:09:07| File: small-loops.bmp
17:09:07| Number of drawing commands = 1668
17:09:07| Number of threads created  = 0
17:09:15| 
17:09:15| File: small-odd.bmp
17:09:15| Number of drawing commands = 1908
17:09:15| Number of threads created  = 0
17:09:16| 
17:09:16| File: small-open.bmp
17:09:16| Number of drawing commands = 2352
17:09:16| Number of threads created  = 0
17:09:17| 
17:09:17| File: large.bmp
17:09:17| Number of drawing commands = 28272
17:09:17| Number of threads created  = 0
17:09:19| 
17:09:19| File: large-loops.bmp
17:09:19| Number of drawing commands = 29562
17:09:19| Number of threads created  = 0
17:09:25| ****************************************
