21:12:15| ****************************************
21:12:15| Part 2
21:12:15| 
21:12:15| File: verysmall.bmp
21:12:15| Number of drawing commands = 82
21:12:15| Number of threads created  = 0
21:12:59| 
21:12:59| File: verysmall-loops.bmp
21:12:59| Number of drawing commands = 322
21:12:59| Number of threads created  = 0
21:13:08| 
21:13:08| File: small.bmp
21:13:08| Number of drawing commands = 1678
21:13:08| Number of threads created  = 0
21:13:10| 
21:13:10| File: small-loops.bmp
21:13:10| Number of drawing commands = 2028
21:13:10| Number of threads created  = 0
21:13:11| 
21:13:11| File: small-odd.bmp
21:13:11| Number of drawing commands = 2172
21:13:11| Number of threads created  = 0
21:13:13| 
21:13:13| File: small-open.bmp
21:13:13| Number of drawing commands = 2538
21:13:13| Number of threads created  = 0
21:13:14| 
21:13:14| File: large.bmp
