17:38:32| ****************************************
17:38:32| Part 2
17:38:32| 
17:38:32| File: verysmall.bmp
17:38:32| Number of drawing commands = 54
17:38:32| Number of threads created  = 0
17:39:22| 
17:39:22| File: verysmall-loops.bmp
17:39:22| Number of drawing commands = 174
17:39:22| Number of threads created  = 0
17:39:25| 
17:39:25| File: small.bmp
17:39:25| Number of drawing commands = 1094
17:39:25| Number of threads created  = 0
17:39:27| 
17:39:27| File: small-loops.bmp
17:39:27| Number of drawing commands = 1094
17:39:27| Number of threads created  = 0
17:39:29| 
17:39:29| File: small-odd.bmp
17:39:29| Number of drawing commands = 1094
17:39:29| Number of threads created  = 0
17:39:30| 
17:39:30| File: small-open.bmp
17:39:30| Number of drawing commands = 1094
17:39:30| Number of threads created  = 0
17:39:31| 
17:39:31| File: large.bmp
17:39:31| Number of drawing commands = 16646
17:39:31| Number of threads created  = 0
17:39:32| 
17:39:32| File: large-loops.bmp
17:39:32| Number of drawing commands = 16646
17:39:32| Number of threads created  = 0
17:39:33| ****************************************
