20:21:54| ****************************************
20:21:54| Part 2
20:21:54| 
20:21:54| File: verysmall.bmp
20:21:54| Number of drawing commands = 88
20:21:54| Number of threads created  = 0
20:21:58| 
20:21:58| File: verysmall-loops.bmp
20:21:58| Number of drawing commands = 322
20:21:58| Number of threads created  = 0
20:22:07| 
20:22:07| File: small.bmp
20:22:07| Number of drawing commands = 2116
20:22:07| Number of threads created  = 0
20:22:21| 
20:22:21| File: small-loops.bmp
20:22:21| Number of drawing commands = 2152
20:22:21| Number of threads created  = 0
20:22:23| 
20:22:23| File: small-odd.bmp
20:22:23| Number of drawing commands = 2336
20:22:23| Number of threads created  = 0
20:22:30| 
20:22:30| File: small-open.bmp
20:22:30| Number of drawing commands = 2594
20:22:30| Number of threads created  = 0
20:22:33| 
20:22:33| File: large.bmp
20:22:34| Number of drawing commands = 33028
20:22:34| Number of threads created  = 0
20:22:37| 
20:22:37| File: large-loops.bmp
20:22:38| Number of drawing commands = 33626
20:22:38| Number of threads created  = 0
20:22:41| ****************************************
