21:08:56| ****************************************
21:08:56| Part 2
21:08:56| 
21:08:56| File: verysmall.bmp
21:08:56| Number of drawing commands = 82
21:08:56| Number of threads created  = 0
21:09:11| 
21:09:11| File: verysmall-loops.bmp
21:09:11| Number of drawing commands = 322
21:09:11| Number of threads created  = 0
21:09:21| 
21:09:21| File: small.bmp
21:09:21| Number of drawing commands = 1674
21:09:21| Number of threads created  = 0
21:09:56| 
21:09:56| File: small-loops.bmp
21:09:56| Number of drawing commands = 2002
21:09:56| Number of threads created  = 0
21:10:10| 
21:10:10| File: small-odd.bmp
21:10:10| Number of drawing commands = 2152
21:10:10| Number of threads created  = 0
21:10:13| 
21:10:13| File: small-open.bmp
21:10:13| Number of drawing commands = 2544
21:10:13| Number of threads created  = 0
21:10:15| 
21:10:15| File: large.bmp
21:10:18| Number of drawing commands = 31040
21:10:18| Number of threads created  = 0
21:10:22| 
21:10:22| File: large-loops.bmp
21:10:25| Number of drawing commands = 32400
21:10:25| Number of threads created  = 0
21:10:29| ****************************************
