20:05:21| ****************************************
20:05:21| Part 2
20:05:21| 
20:05:21| File: verysmall.bmp
20:05:21| Number of drawing commands = 80
20:05:21| Number of threads created  = 0
20:05:23| 
20:05:23| File: verysmall-loops.bmp
20:05:23| Number of drawing commands = 270
20:05:23| Number of threads created  = 0
20:05:29| 
20:05:29| File: small.bmp
20:05:29| Number of drawing commands = 1804
20:05:29| Number of threads created  = 0
20:05:41| 
20:05:41| File: small-loops.bmp
20:05:41| Number of drawing commands = 1946
20:05:41| Number of threads created  = 0
20:05:44| 
20:05:44| File: small-odd.bmp
20:05:44| Number of drawing commands = 1506
20:05:44| Number of threads created  = 0
20:05:45| 
20:05:45| File: small-open.bmp
20:05:45| Number of drawing commands = 2462
20:05:45| Number of threads created  = 0
20:05:46| 
20:05:46| File: large.bmp
20:05:47| Number of drawing commands = 30084
20:05:47| Number of threads created  = 0
20:05:50| 
20:05:50| File: large-loops.bmp
20:05:50| Number of drawing commands = 26942
20:05:50| Number of threads created  = 0
20:05:52| ****************************************
