19:47:51| ****************************************
19:47:51| Part 2
19:47:51| 
19:47:51| File: verysmall.bmp
19:47:51| Number of drawing commands = 80
19:47:51| Number of threads created  = 0
19:47:54| 
19:47:54| File: verysmall-loops.bmp
19:47:54| Number of drawing commands = 240
19:47:54| Number of threads created  = 0
19:47:57| 
19:47:57| File: small.bmp
19:47:57| Number of drawing commands = 1312
19:47:57| Number of threads created  = 0
19:47:58| 
19:47:58| File: small-loops.bmp
19:47:58| Number of drawing commands = 1866
19:47:58| Number of threads created  = 0
19:48:00| 
19:48:00| File: small-odd.bmp
19:48:00| Number of drawing commands = 1930
19:48:00| Number of threads created  = 0
19:48:01| 
19:48:01| File: small-open.bmp
19:48:01| Number of drawing commands = 2212
19:48:01| Number of threads created  = 0
19:48:02| 
19:48:02| File: large.bmp
19:48:02| Number of drawing commands = 21512
19:48:02| Number of threads created  = 0
19:48:04| 
19:48:04| File: large-loops.bmp
19:48:04| Number of drawing commands = 19856
19:48:04| Number of threads created  = 0
19:48:05| ****************************************
