18:04:02| ****************************************
18:04:02| Part 2
18:04:02| 
18:04:02| File: verysmall.bmp
18:04:02| Number of drawing commands = 88
18:04:02| Number of threads created  = 0
18:04:06| 
18:04:06| File: verysmall-loops.bmp
18:04:06| Number of drawing commands = 322
18:04:06| Number of threads created  = 0
18:04:07| 
18:04:07| File: small.bmp
18:04:08| Number of drawing commands = 1684
18:04:08| Number of threads created  = 0
18:04:10| 
18:04:10| File: small-loops.bmp
18:04:10| Number of drawing commands = 2066
18:04:10| Number of threads created  = 0
18:04:12| 
18:04:12| File: small-odd.bmp
18:04:12| Number of drawing commands = 2132
18:04:12| Number of threads created  = 0
18:04:15| 
18:04:15| File: small-open.bmp
18:04:16| Number of drawing commands = 2530
18:04:16| Number of threads created  = 0
18:04:21| 
18:04:21| File: large.bmp
18:04:24| Number of drawing commands = 31072
18:04:24| Number of threads created  = 0
18:04:31| 
18:04:31| File: large-loops.bmp
18:04:34| Number of drawing commands = 32690
18:04:34| Number of threads created  = 0
18:04:39| ****************************************
