22:38:20| ****************************************
22:38:20| Part 2
22:38:20| 
22:38:20| File: verysmall.bmp
22:38:20| Number of drawing commands = 82
22:38:20| Number of threads created  = 1
22:38:28| 
22:38:28| File: verysmall-loops.bmp
22:38:28| Number of drawing commands = 322
22:38:28| Number of threads created  = 1
22:38:48| 
22:38:48| File: small.bmp
22:38:48| Number of drawing commands = 1806
22:38:48| Number of threads created  = 1
22:39:55| 
22:39:55| File: small-loops.bmp
22:39:55| Number of drawing commands = 2152
22:39:55| Number of threads created  = 1
22:40:04| 
22:40:04| File: small-odd.bmp
22:40:05| Number of drawing commands = 1994
22:40:05| Number of threads created  = 1
22:40:06| 
22:40:06| File: small-open.bmp
22:40:06| Number of drawing commands = 2588
22:40:06| Number of threads created  = 1
22:40:07| 
22:40:07| File: large.bmp
