22:29:53| ****************************************
22:29:53| Part 2
22:29:53| 
22:29:53| File: verysmall.bmp
22:29:53| Number of drawing commands = 88
22:29:53| Number of threads created  = 1
22:30:16| 
22:30:16| File: verysmall-loops.bmp
22:30:16| Number of drawing commands = 322
22:30:16| Number of threads created  = 1
22:30:26| 
22:30:26| File: small.bmp
22:30:26| Number of drawing commands = 1694
22:30:26| Number of threads created  = 1
22:30:43| 
22:30:43| File: small-loops.bmp
22:30:43| Number of drawing commands = 2030
22:30:43| Number of threads created  = 1
22:30:53| 
22:30:53| File: small-odd.bmp
22:30:53| Number of drawing commands = 2266
22:30:53| Number of threads created  = 1
22:30:54| 
22:30:54| File: small-open.bmp
