01:15:57| ****************************************
01:15:57| Part 2
01:15:57| 
01:15:57| File: verysmall.bmp
01:15:57| Number of drawing commands = 88
01:15:57| Number of threads created  = 3
01:16:01| 
01:16:01| File: verysmall-loops.bmp
01:16:01| Number of drawing commands = 322
01:16:01| Number of threads created  = 10
01:16:13| 
01:16:13| File: small.bmp
01:16:14| Number of drawing commands = 1796
01:16:14| Number of threads created  = 33
01:16:20| 
01:16:20| File: small-loops.bmp
01:16:20| Number of drawing commands = 1848
01:16:20| Number of threads created  = 65
01:16:23| 
01:16:23| File: small-odd.bmp
01:16:23| Number of drawing commands = 1974
01:16:23| Number of threads created  = 215
01:16:24| 
01:16:24| File: small-open.bmp
