00:34:31| ****************************************
00:34:31| Part 2
00:34:31| 
00:34:31| File: verysmall.bmp
00:34:31| Number of drawing commands = 86
00:34:31| Number of threads created  = 0
00:35:05| 
00:35:05| File: verysmall-loops.bmp
00:35:05| Number of drawing commands = 322
00:35:05| Number of threads created  = 0
00:35:15| 
00:35:15| File: small.bmp
00:35:16| Number of drawing commands = 1688
00:35:16| Number of threads created  = 0
00:35:31| 
00:35:31| File: small-loops.bmp
00:35:31| Number of drawing commands = 2052
00:35:31| Number of threads created  = 0
00:35:34| 
00:35:34| File: small-odd.bmp
00:35:34| Number of drawing commands = 2334
00:35:34| Number of threads created  = 0
00:35:36| 
00:35:36| File: small-open.bmp
00:35:38| Number of drawing commands = 2594
00:35:38| Number of threads created  = 0
00:35:41| 
00:35:41| File: large.bmp
00:35:41| Number of drawing commands = 29364
00:35:41| Number of threads created  = 0
00:35:42| 
00:35:42| File: large-loops.bmp
00:35:43| Number of drawing commands = 25394
00:35:43| Number of threads created  = 0
00:35:43| ****************************************
