00:18:48| ****************************************
00:18:48| Part 2
00:18:48| 
00:18:48| File: verysmall.bmp
00:18:48| Number of drawing commands = 52
00:18:48| Number of threads created  = 0
00:18:53| 
00:18:53| File: verysmall-loops.bmp
00:18:53| Number of drawing commands = 172
00:18:53| Number of threads created  = 0
00:18:56| 
00:18:56| File: small.bmp
00:18:56| Number of drawing commands = 1092
00:18:56| Number of threads created  = 0
00:18:57| 
00:18:57| File: small-loops.bmp
00:18:57| Number of drawing commands = 1092
00:18:57| Number of threads created  = 0
00:18:57| 
00:18:57| File: small-odd.bmp
00:18:57| Number of drawing commands = 1092
00:18:57| Number of threads created  = 0
00:18:58| 
00:18:58| File: small-open.bmp
00:18:58| Number of drawing commands = 1092
00:18:58| Number of threads created  = 0
00:18:59| 
00:18:59| File: large.bmp
00:18:59| Number of drawing commands = 16644
00:18:59| Number of threads created  = 0
00:19:01| 
00:19:01| File: large-loops.bmp
00:19:01| Number of drawing commands = 16644
00:19:01| Number of threads created  = 0
