01:16:51| ****************************************
01:16:51| Part 2
01:16:51| 
01:16:51| File: verysmall.bmp
01:16:51| Number of drawing commands = 88
01:16:51| Number of threads created  = 3
01:17:12| 
01:17:12| File: verysmall-loops.bmp
01:17:12| Number of drawing commands = 288
01:17:12| Number of threads created  = 10
01:17:15| 
01:17:15| File: small.bmp
01:17:15| Number of drawing commands = 2116
01:17:15| Number of threads created  = 36
01:17:25| 
01:17:25| File: small-loops.bmp
01:17:25| Number of drawing commands = 1860
01:17:25| Number of threads created  = 67
01:17:27| 
01:17:27| File: small-odd.bmp
01:17:27| Number of drawing commands = 2174
01:17:27| Number of threads created  = 271
01:17:29| 
01:17:29| File: small-open.bmp
01:17:29| Number of drawing commands = 2594
01:17:29| Number of threads created  = 875
01:17:32| 
01:17:32| File: large.bmp
01:17:32| Number of drawing commands = 30796
01:17:32| Number of threads created  = 1233
01:17:37| 
01:17:37| File: large-loops.bmp
01:17:38| Number of drawing commands = 33626
01:17:38| Number of threads created  = 1855
01:17:43| ****************************************
