Current: active threads / max count: 1 / 1
Request: /
Sending: {"start_family_id": 5007627522}
Current: active threads / max count: 1 / 1
Request: /start/6
Creating family tree with 6 generations...
Number of people  : 437
Number of families: 63
Sending: {"status":"OK"}
Current: active threads / max count: 1 / 1
Request: /family/5007627522
Sending: {"id": 5007627522, "husband_id": 5007627522, "wife_id": 5016295735, "children": [5023915304, 5032575325, 4973086030, 4981754211, 4989373844, 4997788041, 5072516538]}
Current: active threads / max count: 1 / 1
Request: /person/5007627522
Sending: {"id": 5007627522, "name": "Jack", "birth": "17-12-1949", "parent_id": 5016295735, "family_id": 5007627522}
Current: active threads / max count: 1 / 1
Request: /person/5016295735
Sending: {"id": 5016295735, "name": "Riley", "birth": "3-7-1852", "parent_id": 5268232034, "family_id": 5007627522}
Current: active threads / max count: 1 / 1
Request: /person/5023915304
Sending: {"id": 5023915304, "name": "Lucas", "birth": "12-1-1895", "parent_id": null, "family_id": null}
Current: active threads / max count: 1 / 1
Request: /family/5023915304
Sending: {"id": 5023915304, "husband_id": 4886305912, "wife_id": 4893917293, "children": [4835476638, 4843096243, 4851502244, 4859130073, 5081184687]}
Current: active threads / max count: 1 / 1
Request: /family/5023915304
Sending: {"id": 5023915304, "husband_id": 4886305912, "wife_id": 4893917293, "children": [4835476638, 4843096243, 4851502244, 4859130073, 5081184687]}
Current: active threads / max count: 1 / 1
Request: /person/4886305912
Sending: {"id": 4886305912, "name": "Grayson", "birth": "26-1-1899", "parent_id": 5032575325, "family_id": 5023915304}
Current: active threads / max count: 1 / 1
Request: /person/4893917293
Sending: {"id": 4893917293, "name": "Olivia", "birth": "11-12-1874", "parent_id": 5088804288, "family_id": 5023915304}
Current: active threads / max count: 1 / 1
Request: /person/4835476638
Sending: {"id": 4835476638, "name": "Evelyn", "birth": "27-5-1880", "parent_id": null, "family_id": null}
Current: active threads / max count: 1 / 1
Request: /family/4835476638
Sending: {"id": 4835476638, "husband_id": 6113501138, "wife_id": 6121112519, "children": [6129780728, 6137400301, 5944741406, 5952369203, 6039943945]}
Current: active threads / max count: 1 / 1
Request: /family/4835476638
Sending: {"id": 4835476638, "husband_id": 6113501138, "wife_id": 6121112519, "children": [6129780728, 6137400301, 5944741406, 5952369203, 6039943945]}
Current: active threads / max count: 1 / 1
Request: /person/6113501138
Sending: {"id": 6113501138, "name": "Aiden", "birth": "14-10-1997", "parent_id": null, "family_id": 4835476638}
Current: active threads / max count: 1 / 1
Request: /person/6121112519
Sending: {"id": 6121112519, "name": "Aurora", "birth": "19-9-1757", "parent_id": null, "family_id": 4835476638}
Current: active threads / max count: 1 / 1
Request: /person/6129780728
Sending: {"id": 6129780728, "name": "Chloe", "birth": "4-12-1873", "parent_id": null, "family_id": null}
Current: active threads / max count: 1 / 1
Request: /family/6129780728
Current: active threads / max count: 1 / 1
Request: /
Sending: {"start_family_id": 5007627522}
Current: active threads / max count: 1 / 1
Request: /start/6
Creating family tree with 6 generations...
Number of people  : 424
Number of families: 63
Sending: {"status":"OK"}
Current: active threads / max count: 1 / 1
Request: /family/5007627522
Sending: {"id": 5007627522, "husband_id": 5007627522, "wife_id": 5016295735, "children": [5023915304, 5032575325, 4973086030, 4981754211]}
Current: active threads / max count: 1 / 1
Request: /person/5007627522
Sending: {"id": 5007627522, "name": "Gabriel", "birth": "29-7-1970", "parent_id": 5016295735, "family_id": 5007627522}
Current: active threads / max count: 1 / 1
Request: /person/5016295735
Sending: {"id": 5016295735, "name": "Willow", "birth": "27-9-1774", "parent_id": 5268232034, "family_id": 5007627522}
Current: active threads / max count: 1 / 1
Request: /person/5023915304
Sending: {"id": 5023915304, "name": "Avery", "birth": "1-2-1828", "parent_id": null, "family_id": null}
Current: active threads / max count: 1 / 1
Request: /person/5032575325
Sending: {"id": 5032575325, "name": "Oliver", "birth": "28-10-1841", "parent_id": null, "family_id": null}
Current: active threads / max count: 1 / 1
Request: /person/4973086030
Sending: {"id": 4973086030, "name": "Michael", "birth": "24-8-2016", "parent_id": null, "family_id": null}
Current: active threads / max count: 1 / 1
Request: /person/4981754211
Sending: {"id": 4981754211, "name": "Mason", "birth": "15-10-1800", "parent_id": null, "family_id": null}
Current: active threads / max count: 1 / 1
Request: /end
################################################################################
Total number of people  : 424
Total number of families: 63
Number of generations   : 6
Families were requested in this order:
1
Total number of API calls: 9
Final thread count (max count): 1
################################################################################
Sending: {"status": "OK", "people": 424, "families": 63, "api": 9, "threads": 1}
Current: active threads / max count: 1 / 1
Request: /start/6
Creating family tree with 6 generations...
Number of people  : 450
Number of families: 63
Sending: {"status":"OK"}
Current: active threads / max count: 1 / 1
Request: /end
################################################################################
Total number of people  : 450
Total number of families: 63
Number of generations   : 6
Families were requested in this order:

Total number of API calls: 2
Final thread count (max count): 1
################################################################################
Sending: {"status": "OK", "people": 450, "families": 63, "api": 2, "threads": 1}
Current: active threads / max count: 1 / 1
Request: /start/6
Creating family tree with 6 generations...
Number of people  : 439
Number of families: 63
Sending: {"status":"OK"}
Current: active threads / max count: 1 / 1
Request: /end
################################################################################
Total number of people  : 439
Total number of families: 63
Number of generations   : 6
Families were requested in this order:

Total number of API calls: 2
Final thread count (max count): 1
################################################################################
Sending: {"status": "OK", "people": 439, "families": 63, "api": 2, "threads": 1}
Current: active threads / max count: 1 / 1
Request: /
Sending: {"start_family_id": 5007627522}
Current: active threads / max count: 1 / 1
Request: /start/6
Creating family tree with 6 generations...
Number of people  : 434
Number of families: 63
Sending: {"status":"OK"}
Current: active threads / max count: 1 / 1
Request: /family/5007627522
Sending: {"id": 5007627522, "husband_id": 5007627522, "wife_id": 5016295735, "children": [5023915304, 5032575325]}
Current: active threads / max count: 1 / 1
Request: /person/5007627522
Sending: {"id": 5007627522, "name": "Ezra", "birth": "30-7-1903", "parent_id": 5016295735, "family_id": 5007627522}
Current: active threads / max count: 1 / 1
Request: /person/5016295735
Sending: {"id": 5016295735, "name": "Audrey", "birth": "27-7-1805", "parent_id": 5268232034, "family_id": 5007627522}
Current: active threads / max count: 1 / 1
Request: /person/5023915304
Sending: {"id": 5023915304, "name": "Ava", "birth": "30-6-2012", "parent_id": null, "family_id": null}
Current: active threads / max count: 1 / 1
Request: /person/973086030
Current: active threads / max count: 1 / 1
Request: /person/5032575325
Sending: {"id": 5032575325, "name": "Aria", "birth": "30-10-1763", "parent_id": null, "family_id": null}
Current: active threads / max count: 1 / 1
Request: /person/973086030
Current: active threads / max count: 1 / 1
Request: /end
################################################################################
Total number of people  : 434
Total number of families: 63
Number of generations   : 6
Families were requested in this order:
1
Total number of API calls: 9
Final thread count (max count): 1
################################################################################
Sending: {"status": "OK", "people": 434, "families": 63, "api": 9, "threads": 1}
Current: active threads / max count: 1 / 1
Request: /start/6
Creating family tree with 6 generations...
Number of people  : 463
Number of families: 63
Sending: {"status":"OK"}
Current: active threads / max count: 1 / 1
Request: /end
################################################################################
Total number of people  : 463
Total number of families: 63
Number of generations   : 6
Families were requested in this order:

Total number of API calls: 2
Final thread count (max count): 1
################################################################################
Sending: {"status": "OK", "people": 463, "families": 63, "api": 2, "threads": 1}
Current: active threads / max count: 1 / 1
Request: /start/6
Creating family tree with 6 generations...
Number of people  : 446
Number of families: 63
Sending: {"status":"OK"}
Current: active threads / max count: 1 / 1
Request: /end
################################################################################
Total number of people  : 446
Total number of families: 63
Number of generations   : 6
Families were requested in this order:

Total number of API calls: 2
Final thread count (max count): 1
################################################################################
Sending: {"status": "OK", "people": 446, "families": 63, "api": 2, "threads": 1}
