11:08:11| --------------------------------------------------------------------------------
11:08:11| Primes: 1
11:08:11| 9638760730083 is not prime
11:08:11|  
11:08:11| --------------------------------------------------------------------------------
11:08:11| Words: 1
11:08:11| amusement Found
11:08:11|  
11:08:11| --------------------------------------------------------------------------------
11:08:11| Uppercase: 1
11:08:11| INJECT
11:08:11|  
11:08:11| --------------------------------------------------------------------------------
11:08:11| Sums: 1
11:08:11| 241385589477
11:08:11|  
11:08:11| --------------------------------------------------------------------------------
11:08:11| Names: 1
11:08:11| http://127.0.0.1:8790/people/2/ has name C-3PO
11:08:11|  
11:08:11| Number of Primes tasks: 1
11:08:11| Number of Words tasks: 1
11:08:11| Number of Uppercase tasks: 1
11:08:11| Number of Sums tasks: 1
11:08:11| Number of Names tasks: 1
11:08:11| Finished processes 5 tasks = 2.08583030
