11:00:44| --------------------------------------------------------------------------------
11:00:44| Primes: 1
11:00:44| 9638760730083 is not prime
11:00:44|  
11:00:44| --------------------------------------------------------------------------------
11:00:44| Words: 1
11:00:44| amusement Found
11:00:44|  
11:00:44| --------------------------------------------------------------------------------
11:00:44| Uppercase: 1
11:00:44| INJECT
11:00:44|  
11:00:44| --------------------------------------------------------------------------------
11:00:44| Sums: 1
11:00:44| 241385589477
11:00:44|  
11:00:44| --------------------------------------------------------------------------------
11:00:44| Names: 1
11:00:44| http://127.0.0.1:8790/people/2/ has name C-3PO
11:00:44|  
11:00:44| Number of Primes tasks: 1
11:00:44| Number of Words tasks: 1
11:00:44| Number of Uppercase tasks: 1
11:00:44| Number of Sums tasks: 1
11:00:44| Number of Names tasks: 1
11:00:44| Finished processes 5 tasks = 1.27940030
