10:55:12| --------------------------------------------------------------------------------
10:55:12| Primes: 0
10:55:12|  
10:55:12| --------------------------------------------------------------------------------
10:55:12| Words: 1
10:55:12| amusement Found
10:55:12|  
10:55:12| --------------------------------------------------------------------------------
10:55:12| Uppercase: 1
10:55:12| INJECT
10:55:12|  
10:55:12| --------------------------------------------------------------------------------
10:55:12| Sums: 1
10:55:12| 241385589477
10:55:12|  
10:55:12| --------------------------------------------------------------------------------
10:55:12| Names: 1
10:55:12| http://127.0.0.1:8790/people/2/ has name C-3PO
10:55:12|  
10:55:12| Number of Primes tasks: 0
10:55:12| Number of Words tasks: 1
10:55:12| Number of Uppercase tasks: 1
10:55:12| Number of Sums tasks: 1
10:55:12| Number of Names tasks: 1
10:55:12| Finished processes 5 tasks = 1.25419060
