12:05:28| 

12:05:28| #############################################
12:05:28| Depth First Search: 6 generations
12:05:28| #############################################
12:05:30| 2.60159720
12:05:31| 


12:05:31| ************* TREE DISPLAY *************
12:05:31| Family id: 5008523303
12:05:31|   Husband: Owen, 1-10-1889
12:05:31|   Wife: Elizabeth, 13-10-1875
12:05:31|   Husband Parents: None
12:05:31|   Wife Parents: None
12:05:31|   Children: Emily, William, Jayden, Jack, Hannah, Everly, Natalie
12:05:31| 
12:05:31| Number of people                    : 9
12:05:31| Number of families                  : 1
12:05:31| Max generations                     : 1
12:05:31| People connected to starting family : 9
12:05:31| 
12:05:31| total_time                    : 2.60160
12:05:31| Generations                   : 6
12:05:31| People % Families / second    : 3.84379
12:05:31| 
12:05:31| STATS        Retrieved | Server details
12:05:31| People  :            9 |            442
12:05:31| Families:            1 |             63
12:05:31| API Calls            : 12
12:05:31| Max number of threads: 1
12:05:31| 

12:05:31| #############################################
12:05:31| Breadth First Search: 6 generations
12:05:31| #############################################
12:05:31| 0.00039440
12:05:31| 


12:05:31| ************* TREE DISPLAY *************
12:05:31| 
12:05:31| Number of people                    : 0
12:05:31| Number of families                  : 0
12:05:31| Max generations                     : 0
12:05:31| People connected to starting family : 0
12:05:31| 
12:05:31| total_time                    : 0.00039
12:05:31| Generations                   : 6
12:05:31| People % Families / second    : 0.00000
12:05:31| 
12:05:31| STATS        Retrieved | Server details
12:05:31| People  :            0 |            465
12:05:31| Families:            0 |             63
12:05:31| API Calls            : 2
12:05:31| Max number of threads: 1
12:05:31| 

12:05:31| #############################################
12:05:31| Breadth First Search limit 5: 6 generations
12:05:31| #############################################
12:05:31| 0.00026260
12:05:32| 


12:05:32| ************* TREE DISPLAY *************
12:05:32| 
12:05:32| Number of people                    : 0
12:05:32| Number of families                  : 0
12:05:32| Max generations                     : 0
12:05:32| People connected to starting family : 0
12:05:32| 
12:05:32| total_time                    : 0.00026
12:05:32| Generations                   : 6
12:05:32| People % Families / second    : 0.00000
12:05:32| 
12:05:32| STATS        Retrieved | Server details
12:05:32| People  :            0 |            416
12:05:32| Families:            0 |             63
12:05:32| API Calls            : 2
12:05:32| Max number of threads: 1
