15:41:32| <__main__.Car object at 0x000001D5BACCB0D0>
15:41:32| <__main__.Car object at 0x000001D5BAEFE610>
15:41:32| <__main__.Car object at 0x000001D5BB1793D0>
15:41:32| <__main__.Car object at 0x000001D5BAF8E210>
15:41:32| <__main__.Car object at 0x000001D5BC1CB7D0>
15:41:32| <__main__.Car object at 0x000001D5BC17EDD0>
15:41:32| <__main__.Car object at 0x000001D5BAEFE610>
15:41:32| <__main__.Car object at 0x000001D5BC1CB7D0>
15:41:32| <__main__.Car object at 0x000001D5BAF8E210>
15:41:32| <__main__.Car object at 0x000001D5BC17EDD0>
15:41:32| <__main__.Car object at 0x000001D5BAEFE610>
15:41:32| <__main__.Car object at 0x000001D5BC18D450>
15:41:32| <__main__.Car object at 0x000001D5BC17EDD0>
15:41:32| <__main__.Car object at 0x000001D5BC1CB7D0>
15:41:32| <__main__.Car object at 0x000001D5BAEFE610>
15:41:32| <__main__.Car object at 0x000001D5BB1793D0>
15:41:32| <__main__.Car object at 0x000001D5BC17EDD0>
15:41:32| <__main__.Car object at 0x000001D5BC18D450>
15:41:32| <__main__.Car object at 0x000001D5BAF8E210>
15:41:32| <__main__.Car object at 0x000001D5BAEFE610>
15:41:32| <__main__.Car object at 0x000001D5BB1793D0>
15:41:32| <__main__.Car object at 0x000001D5BAE20DD0>
15:41:32| <__main__.Car object at 0x000001D5BC1CB7D0>
15:41:32| <__main__.Car object at 0x000001D5BC17EDD0>
15:41:32| <__main__.Car object at 0x000001D5BC18D450>
15:41:32| <__main__.Car object at 0x000001D5BAF8E210>
15:41:32| <__main__.Car object at 0x000001D5BAE4DA90>
15:41:32| <__main__.Car object at 0x000001D5BB0D5F10>
15:41:32| <__main__.Car object at 0x000001D5BB1793D0>
15:41:32| <__main__.Car object at 0x000001D5BADFDBD0>
15:41:32| <__main__.Car object at 0x000001D5BC1CB7D0>
15:41:32| <__main__.Car object at 0x000001D5BADFC290>
15:41:32| <__main__.Car object at 0x000001D5BC17EDD0>
15:41:32| <__main__.Car object at 0x000001D5BC18D450>
15:41:32| <__main__.Car object at 0x000001D5BAF8E210>
15:41:32| <__main__.Car object at 0x000001D5BAE4DA90>
15:41:32| <__main__.Car object at 0x000001D5BB1793D0>
15:41:32| <__main__.Car object at 0x000001D5BC1CB7D0>
15:41:32| <__main__.Car object at 0x000001D5BAE20DD0>
15:41:32| <__main__.Car object at 0x000001D5BAEFE610>
15:41:32| <__main__.Car object at 0x000001D5BC17EDD0>
15:41:32| <__main__.Car object at 0x000001D5BC18D450>
15:41:32| <__main__.Car object at 0x000001D5BAE4DA90>
15:41:32| <__main__.Car object at 0x000001D5BB0D5F10>
15:41:32| <__main__.Car object at 0x000001D5BB1793D0>
15:41:32| <__main__.Car object at 0x000001D5BC1CB7D0>
15:41:32| <__main__.Car object at 0x000001D5BAF8E210>
15:41:32| <__main__.Car object at 0x000001D5BC17EDD0>
15:41:32| <__main__.Car object at 0x000001D5BAE4DA90>
15:41:32| <__main__.Car object at 0x000001D5BC18D450>
15:41:32| <__main__.Car object at 0x000001D5BC1CB7D0>
15:41:32| <__main__.Car object at 0x000001D5BB1793D0>
15:41:32| <__main__.Car object at 0x000001D5BAF8E210>
15:41:32| <__main__.Car object at 0x000001D5BC17EDD0>
15:41:32| <__main__.Car object at 0x000001D5BB0D5F10>
15:41:32| <__main__.Car object at 0x000001D5BAE4DA90>
15:41:32| <__main__.Car object at 0x000001D5BC1CB7D0>
15:41:32| <__main__.Car object at 0x000001D5BAF8E210>
15:41:32| <__main__.Car object at 0x000001D5BB1793D0>
15:41:32| <__main__.Car object at 0x000001D5BB0D5F10>
15:41:32| <__main__.Car object at 0x000001D5BAE4DA90>
15:41:32| <__main__.Car object at 0x000001D5BB1793D0>
15:41:32| <__main__.Car object at 0x000001D5BC18D450>
15:41:32| <__main__.Car object at 0x000001D5BB0D5F10>
15:41:32| <__main__.Car object at 0x000001D5BB1793D0>
15:41:32| <__main__.Car object at 0x000001D5BAE4DA90>
15:41:32| <__main__.Car object at 0x000001D5BC18D450>
15:41:32| <__main__.Car object at 0x000001D5BAE20DD0>
15:41:32| <__main__.Car object at 0x000001D5BB1793D0>
15:41:32| <__main__.Car object at 0x000001D5BAE4DA90>
15:41:32| <__main__.Car object at 0x000001D5BAE20DD0>
15:41:32| <__main__.Car object at 0x000001D5BB1793D0>
15:41:32| <__main__.Car object at 0x000001D5BAE4DA90>
15:41:32| <__main__.Car object at 0x000001D5BC17EDD0>
15:41:33| <__main__.Car object at 0x000001D5BAE20DD0>
15:41:33| <__main__.Car object at 0x000001D5BAE4DA90>
15:41:33| <__main__.Car object at 0x000001D5BC17EDD0>
15:41:33| <__main__.Car object at 0x000001D5BAE20DD0>
15:41:33| <__main__.Car object at 0x000001D5BAE4DA90>
15:41:33| <__main__.Car object at 0x000001D5BB1793D0>
15:41:33| <__main__.Car object at 0x000001D5BAE20DD0>
15:41:33| <__main__.Car object at 0x000001D5BAE4DA90>
15:41:33| <__main__.Car object at 0x000001D5BC1CB7D0>
15:41:33| <__main__.Car object at 0x000001D5BB1793D0>
15:41:33| <__main__.Car object at 0x000001D5BAE20DD0>
15:41:33| <__main__.Car object at 0x000001D5BAE4DA90>
15:41:33| <__main__.Car object at 0x000001D5BAEFE610>
15:41:33| <__main__.Car object at 0x000001D5BB0D5F10>
15:41:33| <__main__.Car object at 0x000001D5BB1793D0>
15:41:33| <__main__.Car object at 0x000001D5BAE4DA90>
15:41:33| <__main__.Car object at 0x000001D5BB0D5F10>
15:41:33| <__main__.Car object at 0x000001D5BAEFE610>
15:41:33| <__main__.Car object at 0x000001D5BAE4DA90>
15:41:33| <__main__.Car object at 0x000001D5BB1793D0>
15:41:33| <__main__.Car object at 0x000001D5BB0D5F10>
15:41:33| <__main__.Car object at 0x000001D5BAE20DD0>
15:41:33| <__main__.Car object at 0x000001D5BAF8E210>
15:41:33| <__main__.Car object at 0x000001D5BAEFE610>
15:41:33| <__main__.Car object at 0x000001D5BAE4DA90>
15:41:33| <__main__.Car object at 0x000001D5BC18D450>
15:41:33| <__main__.Car object at 0x000001D5BC1CB7D0>
15:41:33| <__main__.Car object at 0x000001D5BB1793D0>
15:41:33| <__main__.Car object at 0x000001D5BB0D5F10>
15:41:33| <__main__.Car object at 0x000001D5BC17EDD0>
15:41:33| <__main__.Car object at 0x000001D5BAF8E210>
15:41:33| <__main__.Car object at 0x000001D5BAE4DA90>
15:41:33| <__main__.Car object at 0x000001D5BAEFE610>
15:41:33| <__main__.Car object at 0x000001D5BAE20DD0>
15:41:33| <__main__.Car object at 0x000001D5BC1CB7D0>
15:41:33| <__main__.Car object at 0x000001D5BB0D5F10>
15:41:33| <__main__.Car object at 0x000001D5BB1793D0>
15:41:33| <__main__.Car object at 0x000001D5BC18D450>
15:41:33| <__main__.Car object at 0x000001D5BADFC290>
15:41:33| <__main__.Car object at 0x000001D5BADFDBD0>
15:41:33| <__main__.Car object at 0x000001D5BAF8E210>
15:41:33| <__main__.Car object at 0x000001D5BAE20DD0>
15:41:33| <__main__.Car object at 0x000001D5BC1CB7D0>
15:41:33| <__main__.Car object at 0x000001D5BB0D5F10>
15:41:33| <__main__.Car object at 0x000001D5BAE4DA90>
15:41:33| <__main__.Car object at 0x000001D5BC18D450>
15:41:33| <__main__.Car object at 0x000001D5BADFC290>
15:41:33| <__main__.Car object at 0x000001D5BAF8E210>
15:41:33| <__main__.Car object at 0x000001D5BADFDBD0>
15:41:33| <__main__.Car object at 0x000001D5BAE20DD0>
15:41:33| <__main__.Car object at 0x000001D5BB1793D0>
15:41:33| <__main__.Car object at 0x000001D5BC17EDD0>
15:41:33| <__main__.Car object at 0x000001D5BAE4DA90>
15:41:33| <__main__.Car object at 0x000001D5BC18D450>
15:41:33| <__main__.Car object at 0x000001D5BB0D5F10>
15:41:33| <__main__.Car object at 0x000001D5BAE20DD0>
15:41:33| <__main__.Car object at 0x000001D5BB1793D0>
15:41:33| <__main__.Car object at 0x000001D5BC17EDD0>
15:41:33| <__main__.Car object at 0x000001D5BC1CB7D0>
15:41:33| <__main__.Car object at 0x000001D5BB0D5F10>
15:41:33| <__main__.Car object at 0x000001D5BC18D450>
15:41:33| <__main__.Car object at 0x000001D5BB1793D0>
15:41:33| <__main__.Car object at 0x000001D5BAE20DD0>
15:41:33| <__main__.Car object at 0x000001D5BC1CB7D0>
15:41:33| <__main__.Car object at 0x000001D5BC18D450>
15:41:33| <__main__.Car object at 0x000001D5BB1793D0>
15:41:33| <__main__.Car object at 0x000001D5BAE20DD0>
15:41:33| <__main__.Car object at 0x000001D5BC18D450>
15:41:33| <__main__.Car object at 0x000001D5BC1CB7D0>
15:41:33| <__main__.Car object at 0x000001D5BAF8E210>
15:41:33| <__main__.Car object at 0x000001D5BB1793D0>
15:41:33| <__main__.Car object at 0x000001D5BAE4DA90>
15:41:33| <__main__.Car object at 0x000001D5BAE20DD0>
15:41:33| <__main__.Car object at 0x000001D5BC18D450>
15:41:33| <__main__.Car object at 0x000001D5BB1793D0>
15:41:33| <__main__.Car object at 0x000001D5BAE20DD0>
15:41:33| <__main__.Car object at 0x000001D5BC18D450>
15:41:33| <__main__.Car object at 0x000001D5BC17EDD0>
15:41:33| <__main__.Car object at 0x000001D5BAE4DA90>
15:41:34| <__main__.Car object at 0x000001D5BAF8E210>
15:41:34| <__main__.Car object at 0x000001D5BAE20DD0>
15:41:34| <__main__.Car object at 0x000001D5BC18D450>
15:41:34| <__main__.Car object at 0x000001D5BACD4450>
15:41:34| <__main__.Car object at 0x000001D5BC17EDD0>
15:41:34| <__main__.Car object at 0x000001D5BAF8E210>
15:41:34| <__main__.Car object at 0x000001D5BAE4DA90>
15:41:34| <__main__.Car object at 0x000001D5BC1CB7D0>
15:41:34| <__main__.Car object at 0x000001D5BC18D450>
15:41:34| <__main__.Car object at 0x000001D5BC17EDD0>
15:41:34| <__main__.Car object at 0x000001D5BAF8E210>
15:41:34| <__main__.Car object at 0x000001D5BACD4450>
15:41:34| <__main__.Car object at 0x000001D5BC1CB7D0>
15:41:34| <__main__.Car object at 0x000001D5BB1793D0>
15:41:34| <__main__.Car object at 0x000001D5BC18D450>
15:41:34| <__main__.Car object at 0x000001D5BAF8E210>
15:41:34| <__main__.Car object at 0x000001D5BC17EDD0>
15:41:34| <__main__.Car object at 0x000001D5BACD4450>
15:41:34| <__main__.Car object at 0x000001D5BAEFE610>
15:41:34| <__main__.Car object at 0x000001D5BC1CB7D0>
15:41:34| <__main__.Car object at 0x000001D5BAE20DD0>
15:41:34| <__main__.Car object at 0x000001D5BB1793D0>
15:41:34| <__main__.Car object at 0x000001D5BC18D450>
15:41:34| <__main__.Car object at 0x000001D5BAF8E210>
15:41:34| <__main__.Car object at 0x000001D5BB0D5F10>
15:41:34| <__main__.Car object at 0x000001D5BACD4450>
15:41:34| <__main__.Car object at 0x000001D5BAEFE610>
15:41:34| <__main__.Car object at 0x000001D5BC1CB7D0>
15:41:34| <__main__.Car object at 0x000001D5BC18D450>
15:41:34| <__main__.Car object at 0x000001D5BB1793D0>
15:41:34| <__main__.Car object at 0x000001D5BACD4450>
15:41:34| <__main__.Car object at 0x000001D5BAEFE610>
15:41:34| <__main__.Car object at 0x000001D5BB0D5F10>
15:41:34| <__main__.Car object at 0x000001D5BC18D450>
15:41:34| <__main__.Car object at 0x000001D5BAE4DA90>
15:41:34| <__main__.Car object at 0x000001D5BAE20DD0>
15:41:34| <__main__.Car object at 0x000001D5BAF8E210>
15:41:34| <__main__.Car object at 0x000001D5BB1793D0>
15:41:34| <__main__.Car object at 0x000001D5BAEFE610>
15:41:34| <__main__.Car object at 0x000001D5BC17EDD0>
15:41:34| <__main__.Car object at 0x000001D5BC18D450>
15:41:34| <__main__.Car object at 0x000001D5BB0D5F10>
15:41:34| <__main__.Car object at 0x000001D5BB1793D0>
15:41:34| <__main__.Car object at 0x000001D5BAF8E210>
15:41:34| <__main__.Car object at 0x000001D5BAEFE610>
15:41:34| <__main__.Car object at 0x000001D5BC18D450>
15:41:34| <__main__.Car object at 0x000001D5BACD4450>
15:41:34| <__main__.Car object at 0x000001D5BB1793D0>
15:41:34| <__main__.Car object at 0x000001D5BAEFE610>
15:41:34| <__main__.Car object at 0x000001D5BAE20DD0>
15:41:34| <__main__.Car object at 0x000001D5BACD4450>
15:41:34| <__main__.Car object at 0x000001D5BAE4DA90>
15:41:34| <__main__.Car object at 0x000001D5BC17EDD0>
15:41:34| <__main__.Car object at 0x000001D5BAEFE610>
15:41:34| <__main__.Car object at 0x000001D5BB0D5F10>
15:41:34| <__main__.Car object at 0x000001D5BAE4DA90>
15:41:34| <__main__.Car object at 0x000001D5BACD4450>
15:41:34| <__main__.Car object at 0x000001D5BC17EDD0>
15:41:34| <__main__.Car object at 0x000001D5BAEFE610>
15:41:34| <__main__.Car object at 0x000001D5BB0D5F10>
15:41:34| <__main__.Car object at 0x000001D5BB1793D0>
15:41:34| <__main__.Car object at 0x000001D5BC1CB7D0>
15:41:34| <__main__.Car object at 0x000001D5BAE4DA90>
15:41:34| <__main__.Car object at 0x000001D5BC18D450>
15:41:34| <__main__.Car object at 0x000001D5BAF8E210>
15:41:34| <__main__.Car object at 0x000001D5BB0D5F10>
15:41:34| <__main__.Car object at 0x000001D5BB1793D0>
15:41:34| <__main__.Car object at 0x000001D5BAE4DA90>
15:41:34| <__main__.Car object at 0x000001D5BACD4450>
15:41:34| <__main__.Car object at 0x000001D5BAF8E210>
15:41:34| <__main__.Car object at 0x000001D5BB0D5F10>
15:41:34| <__main__.Car object at 0x000001D5BC17EDD0>
15:41:34| <__main__.Car object at 0x000001D5BB1793D0>
15:41:34| <__main__.Car object at 0x000001D5BAF8E210>
15:41:34| <__main__.Car object at 0x000001D5BC17EDD0>
15:41:34| <__main__.Car object at 0x000001D5BB1793D0>
15:41:34| <__main__.Car object at 0x000001D5BB0D5F10>
15:41:34| <__main__.Car object at 0x000001D5BC17EDD0>
15:41:34| <__main__.Car object at 0x000001D5BB1793D0>
15:41:34| <__main__.Car object at 0x000001D5BB0D5F10>
15:41:34| <__main__.Car object at 0x000001D5BAE20DD0>
15:41:34| <__main__.Car object at 0x000001D5BB1793D0>
15:41:34| <__main__.Car object at 0x000001D5BC17EDD0>
15:41:34| <__main__.Car object at 0x000001D5BAE20DD0>
15:41:34| <__main__.Car object at 0x000001D5BB0D5F10>
15:41:35| <__main__.Car object at 0x000001D5BAE4DA90>
15:41:35| <__main__.Car object at 0x000001D5BC17EDD0>
15:41:35| <__main__.Car object at 0x000001D5BAE20DD0>
15:41:35| <__main__.Car object at 0x000001D5BC1CB7D0>
15:41:35| <__main__.Car object at 0x000001D5BC17EDD0>
15:41:35| <__main__.Car object at 0x000001D5BAE4DA90>
15:41:35| <__main__.Car object at 0x000001D5BC1CB7D0>
15:41:35| <__main__.Car object at 0x000001D5BC17EDD0>
15:41:35| <__main__.Car object at 0x000001D5BAE4DA90>
15:41:35| <__main__.Car object at 0x000001D5BC18D450>
15:41:35| <__main__.Car object at 0x000001D5BAE20DD0>
15:41:35| <__main__.Car object at 0x000001D5BC17EDD0>
15:41:35| <__main__.Car object at 0x000001D5BAE4DA90>
15:41:35| <__main__.Car object at 0x000001D5BC18D450>
15:41:35| <__main__.Car object at 0x000001D5BAE20DD0>
15:41:35| <__main__.Car object at 0x000001D5BC17EDD0>
15:41:35| <__main__.Car object at 0x000001D5BC18D450>
15:41:35| <__main__.Car object at 0x000001D5BAE4DA90>
15:41:35| <__main__.Car object at 0x000001D5BAE20DD0>
15:41:35| <__main__.Car object at 0x000001D5BB1793D0>
15:41:35| <__main__.Car object at 0x000001D5BC17EDD0>
15:41:35| <__main__.Car object at 0x000001D5BAE4DA90>
15:41:35| <__main__.Car object at 0x000001D5BAE20DD0>
15:41:35| <__main__.Car object at 0x000001D5BC18D450>
15:41:35| <__main__.Car object at 0x000001D5BB1793D0>
15:41:35| <__main__.Car object at 0x000001D5BACD4450>
15:41:35| <__main__.Car object at 0x000001D5BC1CB7D0>
15:41:35| <__main__.Car object at 0x000001D5BC17EDD0>
15:41:35| <__main__.Car object at 0x000001D5BAE4DA90>
15:41:35| <__main__.Car object at 0x000001D5BC18D450>
15:41:35| <__main__.Car object at 0x000001D5BB1793D0>
15:41:35| <__main__.Car object at 0x000001D5BAE20DD0>
15:41:35| <__main__.Car object at 0x000001D5BC1CB7D0>
15:41:35| <__main__.Car object at 0x000001D5BAE4DA90>
15:41:35| <__main__.Car object at 0x000001D5BC18D450>
15:41:35| <__main__.Car object at 0x000001D5BACD4450>
15:41:35| <__main__.Car object at 0x000001D5BB1793D0>
15:41:35| <__main__.Car object at 0x000001D5BC1CB7D0>
15:41:35| <__main__.Car object at 0x000001D5BC18D450>
15:41:35| <__main__.Car object at 0x000001D5BB1793D0>
15:41:35| <__main__.Car object at 0x000001D5BAE20DD0>
15:41:35| <__main__.Car object at 0x000001D5BB0D5F10>
15:41:35| <__main__.Car object at 0x000001D5BC18D450>
15:41:35| <__main__.Car object at 0x000001D5BAF8E210>
15:41:35| <__main__.Car object at 0x000001D5BC1CB7D0>
15:41:35| <__main__.Car object at 0x000001D5BAE20DD0>
15:41:35| <__main__.Car object at 0x000001D5BC18D450>
15:41:35| <__main__.Car object at 0x000001D5BAF8E210>
15:41:35| <__main__.Car object at 0x000001D5BB0D5F10>
15:41:35| <__main__.Car object at 0x000001D5BC1CB7D0>
15:41:35| <__main__.Car object at 0x000001D5BC18D450>
15:41:35| <__main__.Car object at 0x000001D5BAE20DD0>
15:41:35| <__main__.Car object at 0x000001D5BB0D5F10>
15:41:35| <__main__.Car object at 0x000001D5BC1CB7D0>
15:41:35| <__main__.Car object at 0x000001D5BB1793D0>
15:41:35| <__main__.Car object at 0x000001D5BAF8E210>
15:41:35| <__main__.Car object at 0x000001D5BAE20DD0>
15:41:35| <__main__.Car object at 0x000001D5BB1793D0>
15:41:35| <__main__.Car object at 0x000001D5BB0D5F10>
15:41:35| <__main__.Car object at 0x000001D5BC1CB7D0>
15:41:35| <__main__.Car object at 0x000001D5BAE20DD0>
15:41:35| <__main__.Car object at 0x000001D5BB1793D0>
15:41:35| <__main__.Car object at 0x000001D5BB0D5F10>
15:41:35| <__main__.Car object at 0x000001D5BAE20DD0>
15:41:35| <__main__.Car object at 0x000001D5BC1CB7D0>
15:41:35| <__main__.Car object at 0x000001D5BB1793D0>
15:41:35| <__main__.Car object at 0x000001D5BC18D450>
15:41:35| <__main__.Car object at 0x000001D5BACD4450>
15:41:35| <__main__.Car object at 0x000001D5BB1793D0>
15:41:35| <__main__.Car object at 0x000001D5BAF8E210>
15:41:36| <__main__.Car object at 0x000001D5BC18D450>
15:41:36| <__main__.Car object at 0x000001D5BC1CB7D0>
15:41:36| <__main__.Car object at 0x000001D5BACD4450>
15:41:36| <__main__.Car object at 0x000001D5BB1793D0>
15:41:36| <__main__.Car object at 0x000001D5BAF8E210>
15:41:36| <__main__.Car object at 0x000001D5BACD4450>
15:41:36| <__main__.Car object at 0x000001D5BAE20DD0>
15:41:36| <__main__.Car object at 0x000001D5BAE4DA90>
15:41:36| <__main__.Car object at 0x000001D5BB0D5F10>
15:41:36| <__main__.Car object at 0x000001D5BC18D450>
15:41:36| <__main__.Car object at 0x000001D5BC17EDD0>
15:41:36| <__main__.Car object at 0x000001D5BB1793D0>
15:41:36| <__main__.Car object at 0x000001D5BAE4DA90>
15:41:36| <__main__.Car object at 0x000001D5BC1CB7D0>
15:41:36| <__main__.Car object at 0x000001D5BC18D450>
15:41:36| <__main__.Car object at 0x000001D5BACD4450>
15:41:36| <__main__.Car object at 0x000001D5BAE4DA90>
15:41:36| <__main__.Car object at 0x000001D5BC1CB7D0>
15:41:36| <__main__.Car object at 0x000001D5BC18D450>
15:41:36| <__main__.Car object at 0x000001D5BACD4450>
15:41:36| <__main__.Car object at 0x000001D5BAE4DA90>
15:41:36| <__main__.Car object at 0x000001D5BAE20DD0>
15:41:36| <__main__.Car object at 0x000001D5BC18D450>
15:41:36| <__main__.Car object at 0x000001D5BB0D5F10>
15:41:36| <__main__.Car object at 0x000001D5BAEFE610>
15:41:36| <__main__.Car object at 0x000001D5BAF8E210>
15:41:36| <__main__.Car object at 0x000001D5BC1CB7D0>
15:41:36| <__main__.Car object at 0x000001D5BC18D450>
15:41:36| <__main__.Car object at 0x000001D5BAE20DD0>
15:41:36| <__main__.Car object at 0x000001D5BAF8E210>
15:41:36| <__main__.Car object at 0x000001D5BC1CB7D0>
15:41:36| <__main__.Car object at 0x000001D5BAE20DD0>
15:41:36| <__main__.Car object at 0x000001D5BC18D450>
15:41:36| <__main__.Car object at 0x000001D5BAF8E210>
15:41:36| <__main__.Car object at 0x000001D5BAE20DD0>
15:41:36| <__main__.Car object at 0x000001D5BC1CB7D0>
15:41:36| <__main__.Car object at 0x000001D5BC18D450>
15:41:36| <__main__.Car object at 0x000001D5BAF8E210>
15:41:36| <__main__.Car object at 0x000001D5BAE20DD0>
15:41:36| <__main__.Car object at 0x000001D5BC18D450>
15:41:36| <__main__.Car object at 0x000001D5BC1CB7D0>
15:41:36| <__main__.Car object at 0x000001D5BAE20DD0>
15:41:36| <__main__.Car object at 0x000001D5BAE4DA90>
15:41:36| <__main__.Car object at 0x000001D5BC18D450>
15:41:36| <__main__.Car object at 0x000001D5BAF8E210>
15:41:36| <__main__.Car object at 0x000001D5BAE4DA90>
15:41:36| <__main__.Car object at 0x000001D5BC18D450>
15:41:36| <__main__.Car object at 0x000001D5BAE20DD0>
15:41:36| <__main__.Car object at 0x000001D5BAE4DA90>
15:41:36| <__main__.Car object at 0x000001D5BC18D450>
15:41:36| <__main__.Car object at 0x000001D5BAF8E210>
15:41:36| <__main__.Car object at 0x000001D5BAE20DD0>
15:41:36| <__main__.Car object at 0x000001D5BC17EDD0>
15:41:36| <__main__.Car object at 0x000001D5BC18D450>
15:41:36| <__main__.Car object at 0x000001D5BC1CB7D0>
15:41:36| <__main__.Car object at 0x000001D5BAE20DD0>
15:41:36| <__main__.Car object at 0x000001D5BAEFE610>
15:41:36| <__main__.Car object at 0x000001D5BC1CB7D0>
15:41:36| <__main__.Car object at 0x000001D5BB0D5F10>
15:41:36| <__main__.Car object at 0x000001D5BB1793D0>
15:41:36| <__main__.Car object at 0x000001D5BC17EDD0>
15:41:36| <__main__.Car object at 0x000001D5BAEFE610>
15:41:36| <__main__.Car object at 0x000001D5BB1793D0>
15:41:36| <__main__.Car object at 0x000001D5BC17EDD0>
15:41:36| <__main__.Car object at 0x000001D5BB0D5F10>
15:41:36| <__main__.Car object at 0x000001D5BAE4DA90>
15:41:36| <__main__.Car object at 0x000001D5BAE20DD0>
15:41:36| <__main__.Car object at 0x000001D5BB1793D0>
15:41:36| <__main__.Car object at 0x000001D5BAE4DA90>
15:41:36| <__main__.Car object at 0x000001D5BB0D5F10>
15:41:36| <__main__.Car object at 0x000001D5BB1793D0>
15:41:36| <__main__.Car object at 0x000001D5BAE4DA90>
15:41:36| <__main__.Car object at 0x000001D5BAE20DD0>
15:41:37| <__main__.Car object at 0x000001D5BB1793D0>
15:41:37| <__main__.Car object at 0x000001D5BAE4DA90>
15:41:37| <__main__.Car object at 0x000001D5BAE20DD0>
15:41:37| <__main__.Car object at 0x000001D5BB0D5F10>
15:41:37| <__main__.Car object at 0x000001D5BAE4DA90>
15:41:37| <__main__.Car object at 0x000001D5BACD4450>
15:41:37| <__main__.Car object at 0x000001D5BAE20DD0>
15:41:37| <__main__.Car object at 0x000001D5BB0D5F10>
15:41:37| <__main__.Car object at 0x000001D5BACD4450>
15:41:37| <__main__.Car object at 0x000001D5BAE4DA90>
15:41:37| <__main__.Car object at 0x000001D5BAE20DD0>
15:41:37| <__main__.Car object at 0x000001D5BACD4450>
15:41:37| <__main__.Car object at 0x000001D5BAE4DA90>
15:41:37| <__main__.Car object at 0x000001D5BAE20DD0>
15:41:37| <__main__.Car object at 0x000001D5BB0D5F10>
15:41:37| <__main__.Car object at 0x000001D5BAE4DA90>
15:41:37| <__main__.Car object at 0x000001D5BACD4450>
15:41:37| <__main__.Car object at 0x000001D5BB0D5F10>
15:41:37| <__main__.Car object at 0x000001D5BAEFE610>
15:41:37| <__main__.Car object at 0x000001D5BAE20DD0>
15:41:37| <__main__.Car object at 0x000001D5BAE4DA90>
15:41:37| <__main__.Car object at 0x000001D5BACD4450>
15:41:37| <__main__.Car object at 0x000001D5BB1793D0>
15:41:37| <__main__.Car object at 0x000001D5BB0D5F10>
15:41:37| <__main__.Car object at 0x000001D5BAF8E210>
15:41:37| <__main__.Car object at 0x000001D5BB1793D0>
15:41:37| <__main__.Car object at 0x000001D5BACD4450>
15:41:37| <__main__.Car object at 0x000001D5BAE4DA90>
15:41:37| <__main__.Car object at 0x000001D5BAF8E210>
15:41:37| <__main__.Car object at 0x000001D5BB1793D0>
15:41:37| <__main__.Car object at 0x000001D5BACD4450>
15:41:37| <__main__.Car object at 0x000001D5BC1CB7D0>
15:41:37| <__main__.Car object at 0x000001D5BAF8E210>
15:41:37| <__main__.Car object at 0x000001D5BAE4DA90>
15:41:37| <__main__.Car object at 0x000001D5BB1793D0>
15:41:37| <__main__.Car object at 0x000001D5BAF8E210>
15:41:37| <__main__.Car object at 0x000001D5BAE4DA90>
15:41:37| <__main__.Car object at 0x000001D5BB1793D0>
15:41:37| <__main__.Car object at 0x000001D5BAF8E210>
15:41:37| <__main__.Car object at 0x000001D5BC1CB7D0>
15:41:37| <__main__.Car object at 0x000001D5BB1793D0>
15:41:37| <__main__.Car object at 0x000001D5BAF8E210>
15:41:37| <__main__.Car object at 0x000001D5BAEFE610>
15:41:37| <__main__.Car object at 0x000001D5BAE4DA90>
15:41:37| <__main__.Car object at 0x000001D5BC1CB7D0>
15:41:37| <__main__.Car object at 0x000001D5BAF8E210>
15:41:37| <__main__.Car object at 0x000001D5BB1793D0>
15:41:37| <__main__.Car object at 0x000001D5BAEFE610>
15:41:37| <__main__.Car object at 0x000001D5BC17EDD0>
15:41:37| <__main__.Car object at 0x000001D5BC1CB7D0>
15:41:37| <__main__.Car object at 0x000001D5BAF8E210>
15:41:37| <__main__.Car object at 0x000001D5BC17EDD0>
15:41:37| <__main__.Car object at 0x000001D5BAEFE610>
15:41:37| <__main__.Car object at 0x000001D5BAF8E210>
15:41:37| <__main__.Car object at 0x000001D5BC17EDD0>
15:41:37| <__main__.Car object at 0x000001D5BAEFE610>
15:41:37| <__main__.Car object at 0x000001D5BC1CB7D0>
15:41:37| <__main__.Car object at 0x000001D5BB0D5F10>
15:41:37| <__main__.Car object at 0x000001D5BAF8E210>
15:41:37| <__main__.Car object at 0x000001D5BAEFE610>
15:41:37| <__main__.Car object at 0x000001D5BC17EDD0>
15:41:37| <__main__.Car object at 0x000001D5BC1CB7D0>
15:41:37| <__main__.Car object at 0x000001D5BB0D5F10>
15:41:37| <__main__.Car object at 0x000001D5BAF8E210>
15:41:37| <__main__.Car object at 0x000001D5BAEFE610>
15:41:37| <__main__.Car object at 0x000001D5BAE20DD0>
15:41:37| <__main__.Car object at 0x000001D5BC17EDD0>
15:41:37| <__main__.Car object at 0x000001D5BAF8E210>
15:41:37| <__main__.Car object at 0x000001D5BAEFE610>
15:41:37| <__main__.Car object at 0x000001D5BAE20DD0>
15:41:37| <__main__.Car object at 0x000001D5BAF8E210>
15:41:37| <__main__.Car object at 0x000001D5BC17EDD0>
15:41:37| <__main__.Car object at 0x000001D5BAE20DD0>
15:41:37| <__main__.Car object at 0x000001D5BAF8E210>
15:41:37| <__main__.Car object at 0x000001D5BC17EDD0>
15:41:37| <__main__.Car object at 0x000001D5BAE20DD0>
15:41:38| <__main__.Car object at 0x000001D5BAEFE610>
15:41:38| <__main__.Car object at 0x000001D5BC17EDD0>
15:41:38| <__main__.Car object at 0x000001D5BAF8E210>
15:41:38| <__main__.Car object at 0x000001D5BAE20DD0>
15:41:38| <__main__.Car object at 0x000001D5BAE4DA90>
15:41:38| <__main__.Car object at 0x000001D5BAF8E210>
15:41:38| <__main__.Car object at 0x000001D5BAE20DD0>
15:41:38| <__main__.Car object at 0x000001D5BC17EDD0>
15:41:38| <__main__.Car object at 0x000001D5BAE4DA90>
15:41:38| <__main__.Car object at 0x000001D5BAEFE610>
15:41:38| <__main__.Car object at 0x000001D5BAE20DD0>
15:41:38| <__main__.Car object at 0x000001D5BB1793D0>
15:41:38| <__main__.Car object at 0x000001D5BC1CB7D0>
15:41:38| <__main__.Car object at 0x000001D5BAEFE610>
15:41:38| <__main__.Car object at 0x000001D5BB1793D0>
15:41:38| <__main__.Car object at 0x000001D5BC1CB7D0>
15:41:38| <__main__.Car object at 0x000001D5BB0D5F10>
15:41:38| <__main__.Car object at 0x000001D5BAEFE610>
15:41:38| <__main__.Car object at 0x000001D5BC1CB7D0>
15:41:38| <__main__.Car object at 0x000001D5BB1793D0>
15:41:38| <__main__.Car object at 0x000001D5BB0D5F10>
15:41:38| <__main__.Car object at 0x000001D5BC17EDD0>
15:41:38| <__main__.Car object at 0x000001D5BB1793D0>
15:41:38| <__main__.Car object at 0x000001D5BB0D5F10>
15:41:38| <__main__.Car object at 0x000001D5BC17EDD0>
15:41:38| <__main__.Car object at 0x000001D5BB1793D0>
15:41:38| <__main__.Car object at 0x000001D5BB0D5F10>
15:41:38| <__main__.Car object at 0x000001D5BAE20DD0>
15:41:38| <__main__.Car object at 0x000001D5BB1793D0>
15:41:38| <__main__.Car object at 0x000001D5BC18D450>
15:41:38| <__main__.Car object at 0x000001D5BB0D5F10>
15:41:38| <__main__.Car object at 0x000001D5BAE20DD0>
15:41:38| <__main__.Car object at 0x000001D5BC1CB7D0>
15:41:38| <__main__.Car object at 0x000001D5BAF8E210>
15:41:38| <__main__.Car object at 0x000001D5BAEFE610>
15:41:38| <__main__.Car object at 0x000001D5BC17EDD0>
15:41:38| <__main__.Car object at 0x000001D5BAE20DD0>
15:41:38| <__main__.Car object at 0x000001D5BACD4450>
15:41:38| <__main__.Car object at 0x000001D5BB0D5F10>
15:41:38| <__main__.Car object at 0x000001D5BAEFE610>
15:41:38| <__main__.Car object at 0x000001D5BAF8E210>
15:41:38| <__main__.Car object at 0x000001D5BC17EDD0>
15:41:38| All 500 have been created = 6.43945610
