15:42:45| <__main__.Car object at 0x000001D5C68DFA90>
15:42:45| <__main__.Car object at 0x000001D5C685CE10>
15:42:45| <__main__.Car object at 0x000001D5C6C702D0>
15:42:45| <__main__.Car object at 0x000001D5C672EF50>
15:42:45| <__main__.Car object at 0x000001D5C68DDF50>
15:42:45| <__main__.Car object at 0x000001D5C6BEC810>
15:42:45| <__main__.Car object at 0x000001D5C672EF50>
15:42:45| <__main__.Car object at 0x000001D5C68DFA90>
15:42:45| <__main__.Car object at 0x000001D5C68DDF50>
15:42:45| <__main__.Car object at 0x000001D5C6BEC810>
15:42:45| <__main__.Car object at 0x000001D5C68DFA90>
15:42:45| <__main__.Car object at 0x000001D5C6C702D0>
15:42:45| <__main__.Car object at 0x000001D5C6BEC810>
15:42:45| <__main__.Car object at 0x000001D5C68DDF50>
15:42:45| <__main__.Car object at 0x000001D5C68DFA90>
15:42:45| <__main__.Car object at 0x000001D5C6C702D0>
15:42:45| <__main__.Car object at 0x000001D5C657E310>
15:42:45| <__main__.Car object at 0x000001D5C672EF50>
15:42:45| <__main__.Car object at 0x000001D5C6BEC810>
15:42:45| <__main__.Car object at 0x000001D5C68DDF50>
15:42:45| <__main__.Car object at 0x000001D5C6B49D50>
15:42:45| <__main__.Car object at 0x000001D5C6C702D0>
15:42:45| <__main__.Car object at 0x000001D5C657E310>
15:42:45| <__main__.Car object at 0x000001D5C672EF50>
15:42:45| <__main__.Car object at 0x000001D5C6BEC810>
15:42:45| <__main__.Car object at 0x000001D5C68DDF50>
15:42:46| <__main__.Car object at 0x000001D5C6C702D0>
15:42:46| <__main__.Car object at 0x000001D5C6B49D50>
15:42:46| <__main__.Car object at 0x000001D5C657E310>
15:42:46| <__main__.Car object at 0x000001D5C68DFA90>
15:42:46| <__main__.Car object at 0x000001D5C6BEC810>
15:42:46| <__main__.Car object at 0x000001D5C6C702D0>
15:42:46| <__main__.Car object at 0x000001D5C6B49D50>
15:42:46| <__main__.Car object at 0x000001D5C657E310>
15:42:46| <__main__.Car object at 0x000001D5C672EF50>
15:42:46| <__main__.Car object at 0x000001D5C6BEC810>
15:42:46| <__main__.Car object at 0x000001D5C6C702D0>
15:42:46| <__main__.Car object at 0x000001D5C657E310>
15:42:46| <__main__.Car object at 0x000001D5C672EF50>
15:42:46| <__main__.Car object at 0x000001D5C6C702D0>
15:42:46| <__main__.Car object at 0x000001D5C6BEC810>
15:42:46| <__main__.Car object at 0x000001D5C672EF50>
15:42:46| <__main__.Car object at 0x000001D5C6C702D0>
15:42:46| <__main__.Car object at 0x000001D5C6B49D50>
15:42:46| <__main__.Car object at 0x000001D5C6BEC810>
15:42:46| <__main__.Car object at 0x000001D5C6C702D0>
15:42:46| <__main__.Car object at 0x000001D5C6B49D50>
15:42:46| <__main__.Car object at 0x000001D5C657E310>
15:42:46| <__main__.Car object at 0x000001D5C6BEC810>
15:42:46| <__main__.Car object at 0x000001D5C6B49D50>
15:42:46| <__main__.Car object at 0x000001D5C6C702D0>
15:42:46| <__main__.Car object at 0x000001D5C657E310>
15:42:46| <__main__.Car object at 0x000001D5C6BEC810>
15:42:46| <__main__.Car object at 0x000001D5C6B49D50>
15:42:46| <__main__.Car object at 0x000001D5C657E310>
15:42:46| <__main__.Car object at 0x000001D5C6BEC810>
15:42:46| <__main__.Car object at 0x000001D5C672EF50>
15:42:46| <__main__.Car object at 0x000001D5C685CE10>
15:42:46| <__main__.Car object at 0x000001D5C657E310>
15:42:46| <__main__.Car object at 0x000001D5C672EF50>
15:42:46| <__main__.Car object at 0x000001D5C6BEC810>
15:42:46| <__main__.Car object at 0x000001D5C6B49D50>
15:42:46| <__main__.Car object at 0x000001D5C657E310>
15:42:46| <__main__.Car object at 0x000001D5C6C702D0>
15:42:46| <__main__.Car object at 0x000001D5C672EF50>
15:42:46| <__main__.Car object at 0x000001D5C685CE10>
15:42:46| <__main__.Car object at 0x000001D5C657E310>
15:42:46| <__main__.Car object at 0x000001D5C6C702D0>
15:42:46| <__main__.Car object at 0x000001D5C6BEC810>
15:42:46| <__main__.Car object at 0x000001D5C657E310>
15:42:46| <__main__.Car object at 0x000001D5C685CE10>
15:42:46| <__main__.Car object at 0x000001D5C6C702D0>
15:42:46| <__main__.Car object at 0x000001D5C657E310>
15:42:46| <__main__.Car object at 0x000001D5C672EF50>
15:42:46| <__main__.Car object at 0x000001D5C6C702D0>
15:42:46| <__main__.Car object at 0x000001D5C6BEC810>
15:42:46| <__main__.Car object at 0x000001D5C657E310>
15:42:46| <__main__.Car object at 0x000001D5C672EF50>
15:42:46| <__main__.Car object at 0x000001D5C6C702D0>
15:42:46| <__main__.Car object at 0x000001D5C6BEC810>
15:42:46| <__main__.Car object at 0x000001D5C6B49D50>
15:42:46| <__main__.Car object at 0x000001D5C657E310>
15:42:46| <__main__.Car object at 0x000001D5C685CE10>
15:42:46| <__main__.Car object at 0x000001D5C672EF50>
15:42:46| <__main__.Car object at 0x000001D5C68DFA90>
15:42:46| <__main__.Car object at 0x000001D5C6BEC810>
15:42:46| <__main__.Car object at 0x000001D5C6B49D50>
15:42:46| <__main__.Car object at 0x000001D5C685CE10>
15:42:46| <__main__.Car object at 0x000001D5C672EF50>
15:42:46| <__main__.Car object at 0x000001D5C657E310>
15:42:46| <__main__.Car object at 0x000001D5C6BEC810>
15:42:46| <__main__.Car object at 0x000001D5C672EF50>
15:42:46| <__main__.Car object at 0x000001D5C657E310>
15:42:46| <__main__.Car object at 0x000001D5C6BEC810>
15:42:46| <__main__.Car object at 0x000001D5C685CE10>
15:42:46| <__main__.Car object at 0x000001D5C6B49D50>
15:42:46| <__main__.Car object at 0x000001D5C6BEC810>
15:42:46| <__main__.Car object at 0x000001D5C657E310>
15:42:46| <__main__.Car object at 0x000001D5C6B49D50>
15:42:46| <__main__.Car object at 0x000001D5C6BEC810>
15:42:46| <__main__.Car object at 0x000001D5C685CE10>
15:42:46| <__main__.Car object at 0x000001D5C672EF50>
15:42:46| <__main__.Car object at 0x000001D5C6B49D50>
15:42:46| <__main__.Car object at 0x000001D5C6BEC810>
15:42:46| <__main__.Car object at 0x000001D5C6C702D0>
15:42:46| <__main__.Car object at 0x000001D5C672EF50>
15:42:47| <__main__.Car object at 0x000001D5C6BEC810>
15:42:47| <__main__.Car object at 0x000001D5C6B49D50>
15:42:47| <__main__.Car object at 0x000001D5C685CE10>
15:42:47| <__main__.Car object at 0x000001D5C657E310>
15:42:47| <__main__.Car object at 0x000001D5C672EF50>
15:42:47| <__main__.Car object at 0x000001D5C6BEC810>
15:42:47| <__main__.Car object at 0x000001D5C6C702D0>
15:42:47| <__main__.Car object at 0x000001D5C685CE10>
15:42:47| <__main__.Car object at 0x000001D5C657E310>
15:42:47| <__main__.Car object at 0x000001D5C672EF50>
15:42:47| <__main__.Car object at 0x000001D5C6BEC810>
15:42:47| <__main__.Car object at 0x000001D5C6C702D0>
15:42:47| <__main__.Car object at 0x000001D5C6B49D50>
15:42:47| <__main__.Car object at 0x000001D5C6BEC810>
15:42:47| <__main__.Car object at 0x000001D5C672EF50>
15:42:47| <__main__.Car object at 0x000001D5C657E310>
15:42:47| <__main__.Car object at 0x000001D5C685CE10>
15:42:47| <__main__.Car object at 0x000001D5C6B49D50>
15:42:47| <__main__.Car object at 0x000001D5C6C702D0>
15:42:47| <__main__.Car object at 0x000001D5C6BEC810>
15:42:47| <__main__.Car object at 0x000001D5C672EF50>
15:42:47| <__main__.Car object at 0x000001D5C685CE10>
15:42:47| <__main__.Car object at 0x000001D5C657E310>
15:42:47| <__main__.Car object at 0x000001D5C6B49D50>
15:42:47| <__main__.Car object at 0x000001D5C6C702D0>
15:42:47| <__main__.Car object at 0x000001D5C672EF50>
15:42:47| <__main__.Car object at 0x000001D5C68DDF50>
15:42:47| <__main__.Car object at 0x000001D5C685CE10>
15:42:47| <__main__.Car object at 0x000001D5C6BEC810>
15:42:47| <__main__.Car object at 0x000001D5C68DFA90>
15:42:47| <__main__.Car object at 0x000001D5C657E310>
15:42:47| <__main__.Car object at 0x000001D5C6C322D0>
15:42:47| <__main__.Car object at 0x000001D5C6C702D0>
15:42:47| <__main__.Car object at 0x000001D5C685CE10>
15:42:47| <__main__.Car object at 0x000001D5C657E310>
15:42:47| <__main__.Car object at 0x000001D5C6BEC810>
15:42:47| <__main__.Car object at 0x000001D5C6C322D0>
15:42:47| <__main__.Car object at 0x000001D5C6C702D0>
15:42:47| <__main__.Car object at 0x000001D5C685CE10>
15:42:47| <__main__.Car object at 0x000001D5C6B49D50>
15:42:47| <__main__.Car object at 0x000001D5C6C322D0>
15:42:47| <__main__.Car object at 0x000001D5C6C702D0>
15:42:47| <__main__.Car object at 0x000001D5C685CE10>
15:42:47| <__main__.Car object at 0x000001D5C6C322D0>
15:42:47| <__main__.Car object at 0x000001D5C6C702D0>
15:42:47| <__main__.Car object at 0x000001D5C6B49D50>
15:42:47| <__main__.Car object at 0x000001D5C6BEC810>
15:42:47| <__main__.Car object at 0x000001D5C6C322D0>
15:42:47| <__main__.Car object at 0x000001D5C6C702D0>
15:42:47| <__main__.Car object at 0x000001D5C685CE10>
15:42:47| <__main__.Car object at 0x000001D5C6B49D50>
15:42:47| <__main__.Car object at 0x000001D5C657E310>
15:42:47| <__main__.Car object at 0x000001D5C6BEC810>
15:42:47| <__main__.Car object at 0x000001D5C685CE10>
15:42:47| <__main__.Car object at 0x000001D5C6C702D0>
15:42:47| <__main__.Car object at 0x000001D5C672EF50>
15:42:47| <__main__.Car object at 0x000001D5C6B49D50>
15:42:47| <__main__.Car object at 0x000001D5C68DDF50>
15:42:47| <__main__.Car object at 0x000001D5C68DFA90>
15:42:47| <__main__.Car object at 0x000001D5C657E310>
15:42:47| <__main__.Car object at 0x000001D5C6BEC810>
15:42:47| <__main__.Car object at 0x000001D5C672EF50>
15:42:47| <__main__.Car object at 0x000001D5C68DFA90>
15:42:47| <__main__.Car object at 0x000001D5C68DDF50>
15:42:47| <__main__.Car object at 0x000001D5C6C322D0>
15:42:47| <__main__.Car object at 0x000001D5C657E310>
15:42:47| <__main__.Car object at 0x000001D5C685CE10>
15:42:47| <__main__.Car object at 0x000001D5C6BEC810>
15:42:47| <__main__.Car object at 0x000001D5C672EF50>
15:42:47| <__main__.Car object at 0x000001D5C68DFA90>
15:42:47| <__main__.Car object at 0x000001D5C6C702D0>
15:42:47| <__main__.Car object at 0x000001D5C6B49D50>
15:42:47| <__main__.Car object at 0x000001D5C68DDF50>
15:42:47| <__main__.Car object at 0x000001D5C6C322D0>
15:42:47| <__main__.Car object at 0x000001D5C6BEC810>
15:42:47| <__main__.Car object at 0x000001D5C68DFA90>
15:42:47| <__main__.Car object at 0x000001D5C672EF50>
15:42:47| <__main__.Car object at 0x000001D5C68DDF50>
15:42:47| <__main__.Car object at 0x000001D5C657E310>
15:42:47| <__main__.Car object at 0x000001D5C6C322D0>
15:42:47| <__main__.Car object at 0x000001D5C6BEC810>
15:42:47| <__main__.Car object at 0x000001D5C68DFA90>
15:42:47| <__main__.Car object at 0x000001D5C68DDF50>
15:42:48| <__main__.Car object at 0x000001D5C657E310>
15:42:48| <__main__.Car object at 0x000001D5C6BEC810>
15:42:48| <__main__.Car object at 0x000001D5C68DFA90>
15:42:48| <__main__.Car object at 0x000001D5C68DDF50>
15:42:48| <__main__.Car object at 0x000001D5C657E310>
15:42:48| <__main__.Car object at 0x000001D5C68DFA90>
15:42:48| <__main__.Car object at 0x000001D5C6BEC810>
15:42:48| <__main__.Car object at 0x000001D5C68DDF50>
15:42:48| <__main__.Car object at 0x000001D5C6B49D50>
15:42:48| <__main__.Car object at 0x000001D5C685CE10>
15:42:48| <__main__.Car object at 0x000001D5C68DFA90>
15:42:48| <__main__.Car object at 0x000001D5C657E310>
15:42:48| <__main__.Car object at 0x000001D5C68DDF50>
15:42:48| <__main__.Car object at 0x000001D5C685CE10>
15:42:48| <__main__.Car object at 0x000001D5C6B49D50>
15:42:48| <__main__.Car object at 0x000001D5C6C322D0>
15:42:48| <__main__.Car object at 0x000001D5C6BEC810>
15:42:48| <__main__.Car object at 0x000001D5C68DFA90>
15:42:48| <__main__.Car object at 0x000001D5C657E310>
15:42:48| <__main__.Car object at 0x000001D5C6C702D0>
15:42:48| <__main__.Car object at 0x000001D5C685CE10>
15:42:48| <__main__.Car object at 0x000001D5C672EF50>
15:42:48| <__main__.Car object at 0x000001D5C6B49D50>
15:42:48| <__main__.Car object at 0x000001D5C6C322D0>
15:42:48| <__main__.Car object at 0x000001D5C657E310>
15:42:48| <__main__.Car object at 0x000001D5C672EF50>
15:42:48| <__main__.Car object at 0x000001D5C6C322D0>
15:42:48| <__main__.Car object at 0x000001D5C685CE10>
15:42:48| <__main__.Car object at 0x000001D5C6B49D50>
15:42:48| <__main__.Car object at 0x000001D5C6C702D0>
15:42:48| <__main__.Car object at 0x000001D5C657E310>
15:42:48| <__main__.Car object at 0x000001D5C6C322D0>
15:42:48| <__main__.Car object at 0x000001D5C685CE10>
15:42:48| <__main__.Car object at 0x000001D5C6B49D50>
15:42:48| <__main__.Car object at 0x000001D5C672EF50>
15:42:48| <__main__.Car object at 0x000001D5C685CE10>
15:42:48| <__main__.Car object at 0x000001D5C6C322D0>
15:42:48| <__main__.Car object at 0x000001D5C6B49D50>
15:42:48| <__main__.Car object at 0x000001D5C657E310>
15:42:48| <__main__.Car object at 0x000001D5C6BEC810>
15:42:48| <__main__.Car object at 0x000001D5C685CE10>
15:42:48| <__main__.Car object at 0x000001D5C6B49D50>
15:42:48| <__main__.Car object at 0x000001D5C6C322D0>
15:42:48| <__main__.Car object at 0x000001D5C657E310>
15:42:48| <__main__.Car object at 0x000001D5C6BEC810>
15:42:48| <__main__.Car object at 0x000001D5C6B49D50>
15:42:48| <__main__.Car object at 0x000001D5C6C322D0>
15:42:48| <__main__.Car object at 0x000001D5C6BEC810>
15:42:48| <__main__.Car object at 0x000001D5C6B49D50>
15:42:48| <__main__.Car object at 0x000001D5C6C702D0>
15:42:48| <__main__.Car object at 0x000001D5C6BEC810>
15:42:48| <__main__.Car object at 0x000001D5C6B49D50>
15:42:48| <__main__.Car object at 0x000001D5C6C322D0>
15:42:48| <__main__.Car object at 0x000001D5C685CE10>
15:42:48| <__main__.Car object at 0x000001D5C657E310>
15:42:48| <__main__.Car object at 0x000001D5C6C322D0>
15:42:48| <__main__.Car object at 0x000001D5C6B49D50>
15:42:48| <__main__.Car object at 0x000001D5C685CE10>
15:42:48| <__main__.Car object at 0x000001D5C6C702D0>
15:42:48| <__main__.Car object at 0x000001D5C6C322D0>
15:42:48| <__main__.Car object at 0x000001D5C672EF50>
15:42:48| <__main__.Car object at 0x000001D5C685CE10>
15:42:48| <__main__.Car object at 0x000001D5C6C702D0>
15:42:48| <__main__.Car object at 0x000001D5C6C322D0>
15:42:48| <__main__.Car object at 0x000001D5C657E310>
15:42:48| <__main__.Car object at 0x000001D5C672EF50>
15:42:48| <__main__.Car object at 0x000001D5C6B49D50>
15:42:48| <__main__.Car object at 0x000001D5C685CE10>
15:42:48| <__main__.Car object at 0x000001D5C6BEC810>
15:42:48| <__main__.Car object at 0x000001D5C6C702D0>
15:42:48| <__main__.Car object at 0x000001D5C68DDF50>
15:42:48| <__main__.Car object at 0x000001D5C657E310>
15:42:48| <__main__.Car object at 0x000001D5C6C322D0>
15:42:48| <__main__.Car object at 0x000001D5C672EF50>
15:42:49| <__main__.Car object at 0x000001D5C6B49D50>
15:42:49| <__main__.Car object at 0x000001D5C685CE10>
15:42:49| <__main__.Car object at 0x000001D5C6BEC810>
15:42:49| <__main__.Car object at 0x000001D5C68DDF50>
15:42:49| <__main__.Car object at 0x000001D5C657E310>
15:42:49| <__main__.Car object at 0x000001D5C6C322D0>
15:42:49| <__main__.Car object at 0x000001D5C6C702D0>
15:42:49| <__main__.Car object at 0x000001D5C68DFA90>
15:42:49| <__main__.Car object at 0x000001D5C672EF50>
15:42:49| <__main__.Car object at 0x000001D5C6BEC810>
15:42:49| <__main__.Car object at 0x000001D5C68DDF50>
15:42:49| <__main__.Car object at 0x000001D5C6B49D50>
15:42:49| <__main__.Car object at 0x000001D5C6C322D0>
15:42:49| <__main__.Car object at 0x000001D5C657E310>
15:42:49| <__main__.Car object at 0x000001D5C685CE10>
15:42:49| <__main__.Car object at 0x000001D5C68DFA90>
15:42:49| <__main__.Car object at 0x000001D5C672EF50>
15:42:49| <__main__.Car object at 0x000001D5C6BEC810>
15:42:49| <__main__.Car object at 0x000001D5C68DDF50>
15:42:49| <__main__.Car object at 0x000001D5C6B49D50>
15:42:49| <__main__.Car object at 0x000001D5C6C702D0>
15:42:49| <__main__.Car object at 0x000001D5C6C322D0>
15:42:49| <__main__.Car object at 0x000001D5C657E310>
15:42:49| <__main__.Car object at 0x000001D5C672EF50>
15:42:49| <__main__.Car object at 0x000001D5C6BEC810>
15:42:49| <__main__.Car object at 0x000001D5C68DDF50>
15:42:49| <__main__.Car object at 0x000001D5C6C322D0>
15:42:49| <__main__.Car object at 0x000001D5C6C702D0>
15:42:49| <__main__.Car object at 0x000001D5C657E310>
15:42:49| <__main__.Car object at 0x000001D5C6BEC810>
15:42:49| <__main__.Car object at 0x000001D5C685CE10>
15:42:49| <__main__.Car object at 0x000001D5C6C322D0>
15:42:49| <__main__.Car object at 0x000001D5C6BEC810>
15:42:49| <__main__.Car object at 0x000001D5C657E310>
15:42:49| <__main__.Car object at 0x000001D5C6C322D0>
15:42:49| <__main__.Car object at 0x000001D5C685CE10>
15:42:49| <__main__.Car object at 0x000001D5C6B49D50>
15:42:49| <__main__.Car object at 0x000001D5C6BEC810>
15:42:49| <__main__.Car object at 0x000001D5C657E310>
15:42:49| <__main__.Car object at 0x000001D5C685CE10>
15:42:49| <__main__.Car object at 0x000001D5C6BEC810>
15:42:49| <__main__.Car object at 0x000001D5C6C702D0>
15:42:49| <__main__.Car object at 0x000001D5C657E310>
15:42:49| <__main__.Car object at 0x000001D5C685CE10>
15:42:49| <__main__.Car object at 0x000001D5C672EF50>
15:42:49| <__main__.Car object at 0x000001D5C6C322D0>
15:42:49| <__main__.Car object at 0x000001D5C657E310>
15:42:49| <__main__.Car object at 0x000001D5C6BEC810>
15:42:49| <__main__.Car object at 0x000001D5C6C702D0>
15:42:49| <__main__.Car object at 0x000001D5C672EF50>
15:42:49| <__main__.Car object at 0x000001D5C657E310>
15:42:49| <__main__.Car object at 0x000001D5C6C702D0>
15:42:49| <__main__.Car object at 0x000001D5C672EF50>
15:42:49| <__main__.Car object at 0x000001D5C6BEC810>
15:42:49| <__main__.Car object at 0x000001D5C685CE10>
15:42:49| <__main__.Car object at 0x000001D5C672EF50>
15:42:49| <__main__.Car object at 0x000001D5C6BEC810>
15:42:49| <__main__.Car object at 0x000001D5C657E310>
15:42:49| <__main__.Car object at 0x000001D5C685CE10>
15:42:49| <__main__.Car object at 0x000001D5C6BEC810>
15:42:49| <__main__.Car object at 0x000001D5C657E310>
15:42:49| <__main__.Car object at 0x000001D5C672EF50>
15:42:49| <__main__.Car object at 0x000001D5C685CE10>
15:42:49| <__main__.Car object at 0x000001D5C6BEC810>
15:42:49| <__main__.Car object at 0x000001D5C6B49D50>
15:42:49| <__main__.Car object at 0x000001D5C6C322D0>
15:42:49| <__main__.Car object at 0x000001D5C6C702D0>
15:42:49| <__main__.Car object at 0x000001D5C672EF50>
15:42:49| <__main__.Car object at 0x000001D5C657E310>
15:42:49| <__main__.Car object at 0x000001D5C685CE10>
15:42:49| <__main__.Car object at 0x000001D5C6BEC810>
15:42:49| <__main__.Car object at 0x000001D5C6C322D0>
15:42:49| <__main__.Car object at 0x000001D5C6C702D0>
15:42:49| <__main__.Car object at 0x000001D5C685CE10>
15:42:49| <__main__.Car object at 0x000001D5C6BEC810>
15:42:49| <__main__.Car object at 0x000001D5C6C702D0>
15:42:49| <__main__.Car object at 0x000001D5C6C322D0>
15:42:49| <__main__.Car object at 0x000001D5C672EF50>
15:42:50| <__main__.Car object at 0x000001D5C657E310>
15:42:50| <__main__.Car object at 0x000001D5C6B49D50>
15:42:50| <__main__.Car object at 0x000001D5C6C702D0>
15:42:50| <__main__.Car object at 0x000001D5C685CE10>
15:42:50| <__main__.Car object at 0x000001D5C6BEC810>
15:42:50| <__main__.Car object at 0x000001D5C6C322D0>
15:42:50| <__main__.Car object at 0x000001D5C657E310>
15:42:50| <__main__.Car object at 0x000001D5C672EF50>
15:42:50| <__main__.Car object at 0x000001D5C6BEC810>
15:42:50| <__main__.Car object at 0x000001D5C6C322D0>
15:42:50| <__main__.Car object at 0x000001D5C685CE10>
15:42:50| <__main__.Car object at 0x000001D5C657E310>
15:42:50| <__main__.Car object at 0x000001D5C6B49D50>
15:42:50| <__main__.Car object at 0x000001D5C6BEC810>
15:42:50| <__main__.Car object at 0x000001D5C685CE10>
15:42:50| <__main__.Car object at 0x000001D5C6C702D0>
15:42:50| <__main__.Car object at 0x000001D5C6C322D0>
15:42:50| <__main__.Car object at 0x000001D5C6B49D50>
15:42:50| <__main__.Car object at 0x000001D5C657E310>
15:42:50| <__main__.Car object at 0x000001D5C685CE10>
15:42:50| <__main__.Car object at 0x000001D5C672EF50>
15:42:50| <__main__.Car object at 0x000001D5C6C702D0>
15:42:50| <__main__.Car object at 0x000001D5C6C322D0>
15:42:50| <__main__.Car object at 0x000001D5C6B49D50>
15:42:50| <__main__.Car object at 0x000001D5C672EF50>
15:42:50| <__main__.Car object at 0x000001D5C685CE10>
15:42:50| <__main__.Car object at 0x000001D5C6C322D0>
15:42:50| <__main__.Car object at 0x000001D5C6B49D50>
15:42:50| <__main__.Car object at 0x000001D5C6BEC810>
15:42:50| <__main__.Car object at 0x000001D5C672EF50>
15:42:50| <__main__.Car object at 0x000001D5C6C702D0>
15:42:50| <__main__.Car object at 0x000001D5C6C322D0>
15:42:50| <__main__.Car object at 0x000001D5C6B49D50>
15:42:50| <__main__.Car object at 0x000001D5C6C702D0>
15:42:50| <__main__.Car object at 0x000001D5C672EF50>
15:42:50| <__main__.Car object at 0x000001D5C6C322D0>
15:42:50| <__main__.Car object at 0x000001D5C6B49D50>
15:42:50| <__main__.Car object at 0x000001D5C6C702D0>
15:42:50| <__main__.Car object at 0x000001D5C6BEC810>
15:42:50| <__main__.Car object at 0x000001D5C672EF50>
15:42:50| <__main__.Car object at 0x000001D5C6C322D0>
15:42:50| <__main__.Car object at 0x000001D5C6C702D0>
15:42:50| <__main__.Car object at 0x000001D5C672EF50>
15:42:50| <__main__.Car object at 0x000001D5C6B49D50>
15:42:50| <__main__.Car object at 0x000001D5C6C702D0>
15:42:50| <__main__.Car object at 0x000001D5C685CE10>
15:42:50| <__main__.Car object at 0x000001D5C6C322D0>
15:42:50| <__main__.Car object at 0x000001D5C672EF50>
15:42:50| <__main__.Car object at 0x000001D5C6C702D0>
15:42:50| <__main__.Car object at 0x000001D5C685CE10>
15:42:50| <__main__.Car object at 0x000001D5C6C322D0>
15:42:50| <__main__.Car object at 0x000001D5C672EF50>
15:42:50| <__main__.Car object at 0x000001D5C6C702D0>
15:42:50| <__main__.Car object at 0x000001D5C6C322D0>
15:42:50| <__main__.Car object at 0x000001D5C6BEC810>
15:42:50| <__main__.Car object at 0x000001D5C685CE10>
15:42:50| <__main__.Car object at 0x000001D5C672EF50>
15:42:50| <__main__.Car object at 0x000001D5C6C322D0>
15:42:50| <__main__.Car object at 0x000001D5C6C702D0>
15:42:50| <__main__.Car object at 0x000001D5C685CE10>
15:42:50| <__main__.Car object at 0x000001D5C6C322D0>
15:42:50| <__main__.Car object at 0x000001D5C672EF50>
15:42:50| <__main__.Car object at 0x000001D5C6BEC810>
15:42:50| <__main__.Car object at 0x000001D5C6C702D0>
15:42:50| <__main__.Car object at 0x000001D5C657E310>
15:42:50| <__main__.Car object at 0x000001D5C6B49D50>
15:42:50| <__main__.Car object at 0x000001D5C6C322D0>
15:42:50| <__main__.Car object at 0x000001D5C685CE10>
15:42:50| <__main__.Car object at 0x000001D5C672EF50>
15:42:50| <__main__.Car object at 0x000001D5C6BEC810>
15:42:50| <__main__.Car object at 0x000001D5C6C702D0>
15:42:50| <__main__.Car object at 0x000001D5C657E310>
15:42:50| <__main__.Car object at 0x000001D5C6C322D0>
15:42:50| <__main__.Car object at 0x000001D5C6B49D50>
15:42:51| <__main__.Car object at 0x000001D5C68DFA90>
15:42:51| <__main__.Car object at 0x000001D5C685CE10>
15:42:51| <__main__.Car object at 0x000001D5C6C702D0>
15:42:51| <__main__.Car object at 0x000001D5C657E310>
15:42:51| <__main__.Car object at 0x000001D5C6BEC810>
15:42:51| <__main__.Car object at 0x000001D5C6B49D50>
15:42:51| <__main__.Car object at 0x000001D5C6C322D0>
15:42:51| <__main__.Car object at 0x000001D5C685CE10>
15:42:51| <__main__.Car object at 0x000001D5C657E310>
15:42:51| <__main__.Car object at 0x000001D5C6BEC810>
15:42:51| <__main__.Car object at 0x000001D5C6C702D0>
15:42:51| <__main__.Car object at 0x000001D5C6B49D50>
15:42:51| <__main__.Car object at 0x000001D5C685CE10>
15:42:51| <__main__.Car object at 0x000001D5C6C322D0>
15:42:51| <__main__.Car object at 0x000001D5C657E310>
15:42:51| <__main__.Car object at 0x000001D5C672EF50>
15:42:51| <__main__.Car object at 0x000001D5C6C702D0>
15:42:51| <__main__.Car object at 0x000001D5C6BEC810>
15:42:51| <__main__.Car object at 0x000001D5C6B49D50>
15:42:51| <__main__.Car object at 0x000001D5C657E310>
15:42:51| <__main__.Car object at 0x000001D5C672EF50>
15:42:51| <__main__.Car object at 0x000001D5C6C702D0>
15:42:51| <__main__.Car object at 0x000001D5C6BEC810>
15:42:51| <__main__.Car object at 0x000001D5C6B49D50>
15:42:51| <__main__.Car object at 0x000001D5C685CE10>
15:42:51| <__main__.Car object at 0x000001D5C68DFA90>
15:42:51| <__main__.Car object at 0x000001D5C68DDF50>
15:42:51| <__main__.Car object at 0x000001D5C657E310>
15:42:51| <__main__.Car object at 0x000001D5C6BEC810>
15:42:51| <__main__.Car object at 0x000001D5C6C702D0>
15:42:51| <__main__.Car object at 0x000001D5C68DDF50>
15:42:51| <__main__.Car object at 0x000001D5C68DFA90>
15:42:51| <__main__.Car object at 0x000001D5C657E310>
15:42:51| <__main__.Car object at 0x000001D5C672EF50>
15:42:51| <__main__.Car object at 0x000001D5C6C702D0>
15:42:51| <__main__.Car object at 0x000001D5C6C322D0>
15:42:51| <__main__.Car object at 0x000001D5C68DDF50>
15:42:51| <__main__.Car object at 0x000001D5C6B49D50>
15:42:51| <__main__.Car object at 0x000001D5C6BEC810>
15:42:51| <__main__.Car object at 0x000001D5C685CE10>
15:42:51| <__main__.Car object at 0x000001D5C6C322D0>
15:42:51| <__main__.Car object at 0x000001D5C6C702D0>
15:42:51| <__main__.Car object at 0x000001D5C6B49D50>
15:42:51| <__main__.Car object at 0x000001D5C6BEC810>
15:42:51| <__main__.Car object at 0x000001D5C672EF50>
15:42:51| <__main__.Car object at 0x000001D5C68DFA90>
15:42:51| <__main__.Car object at 0x000001D5C68DDF50>
15:42:51| <__main__.Car object at 0x000001D5C6B49D50>
15:42:51| <__main__.Car object at 0x000001D5C68DFA90>
15:42:51| <__main__.Car object at 0x000001D5C672EF50>
15:42:51| <__main__.Car object at 0x000001D5C68DDF50>
15:42:51| <__main__.Car object at 0x000001D5C657E310>
15:42:51| <__main__.Car object at 0x000001D5C6BEC810>
15:42:51| <__main__.Car object at 0x000001D5C6C322D0>
15:42:51| <__main__.Car object at 0x000001D5C685CE10>
15:42:51| <__main__.Car object at 0x000001D5C6BEC810>
15:42:51| <__main__.Car object at 0x000001D5C657E310>
15:42:51| <__main__.Car object at 0x000001D5C685CE10>
15:42:51| <__main__.Car object at 0x000001D5C6BEC810>
15:42:51| <__main__.Car object at 0x000001D5C6C322D0>
15:42:51| <__main__.Car object at 0x000001D5C657E310>
15:42:51| <__main__.Car object at 0x000001D5C6C702D0>
15:42:51| <__main__.Car object at 0x000001D5C672EF50>
15:42:51| <__main__.Car object at 0x000001D5C6B49D50>
15:42:51| <__main__.Car object at 0x000001D5C685CE10>
15:42:51| <__main__.Car object at 0x000001D5C6BEC810>
15:42:51| <__main__.Car object at 0x000001D5C6C322D0>
15:42:51| <__main__.Car object at 0x000001D5C6C702D0>
15:42:51| <__main__.Car object at 0x000001D5C672EF50>
15:42:51| <__main__.Car object at 0x000001D5C685CE10>
15:42:51| <__main__.Car object at 0x000001D5C6C702D0>
15:42:51| <__main__.Car object at 0x000001D5C672EF50>
15:42:51| <__main__.Car object at 0x000001D5C6C322D0>
15:42:52| <__main__.Car object at 0x000001D5C6BEC810>
15:42:52| <__main__.Car object at 0x000001D5C657E310>
15:42:52| <__main__.Car object at 0x000001D5C672EF50>
15:42:52| <__main__.Car object at 0x000001D5C6BEC810>
15:42:52| <__main__.Car object at 0x000001D5C657E310>
15:42:52| <__main__.Car object at 0x000001D5C685CE10>
15:42:52| <__main__.Car object at 0x000001D5C6B49D50>
15:42:52| <__main__.Car object at 0x000001D5C657E310>
15:42:52| <__main__.Car object at 0x000001D5C6BEC810>
15:42:52| <__main__.Car object at 0x000001D5C685CE10>
15:42:52| <__main__.Car object at 0x000001D5C6C322D0>
15:42:52| All 500 have been created = 6.50709690
