09:56:48| --------------------------------------------------------------------------------
09:56:48| Primes: 0
09:56:48|  
09:56:48| --------------------------------------------------------------------------------
09:56:48| Words: 0
09:56:48|  
09:56:48| --------------------------------------------------------------------------------
09:56:48| Uppercase: 0
09:56:48|  
09:56:48| --------------------------------------------------------------------------------
09:56:48| Sums: 0
09:56:48|  
09:56:48| --------------------------------------------------------------------------------
09:56:48| Names: 0
09:56:48|  
09:56:48| Number of Primes tasks: 0
09:56:48| Number of Words tasks: 0
09:56:48| Number of Uppercase tasks: 0
09:56:48| Number of Sums tasks: 0
09:56:48| Number of Names tasks: 0
09:56:48| Finished processes 5 tasks = 0.01486730
