11:40:46| ****************************************
11:40:46| Part 1
11:40:46| 
11:40:46| File: verysmall.bmp
11:40:46| Number of drawing commands for = 0
11:41:09| Found path has length          = 0
11:41:09| 
11:41:09| File: verysmall-loops.bmp
11:41:09| Number of drawing commands for = 0
11:41:09| Found path has length          = 0
11:41:09| 
11:41:09| File: small.bmp
11:41:09| Number of drawing commands for = 0
11:41:10| Found path has length          = 0
11:41:10| 
11:41:10| File: small-loops.bmp
11:41:10| Number of drawing commands for = 0
11:41:11| Found path has length          = 0
11:41:11| 
11:41:11| File: small-odd.bmp
11:41:11| Number of drawing commands for = 0
11:41:11| Found path has length          = 0
11:41:11| 
11:41:11| File: small-open.bmp
11:41:11| Number of drawing commands for = 0
11:41:11| Found path has length          = 0
11:41:11| 
11:41:11| File: large.bmp
11:41:11| Number of drawing commands for = 0
11:41:12| Found path has length          = 0
11:41:12| 
11:41:12| File: large-loops.bmp
11:41:12| Number of drawing commands for = 0
11:41:12| Found path has length          = 0
11:41:12| ****************************************
